13:44:29 INFO  : Launching XSCT server: xsct.bat -n  -interactive D:\repos\RFSoC_Controller_V2\vitis_workspace\temp_xsdb_launch_script.tcl
13:44:30 INFO  : Registering command handlers for Vitis TCF services
13:44:33 INFO  : XSCT server has started successfully.
13:44:33 INFO  : Successfully done setting XSCT server connection channel  
13:44:33 INFO  : plnx-install-location is set to ''
13:44:33 INFO  : Successfully done setting workspace for the tool. 
13:44:33 INFO  : Successfully done query RDI_DATADIR 
13:44:33 INFO  : Platform repository initialization has completed.
13:51:54 INFO  : Result from executing command 'getProjects': rfsoc_v2_platform
13:51:54 INFO  : Result from executing command 'getPlatforms': 
13:52:25 INFO  : Successfully done sdx_reload_mss "D:/repos/RFSoC_Controller_V2/vitis_workspace/rfsoc_v2_platform/psu_cortexa53_0/standalone_domain/bsp/system.mss"
13:52:37 INFO  : (SwPlaform) Successfully done setParamInSpec 
13:52:41 INFO  : (SwPlaform) Successfully done setParamInSpec 
13:52:41 INFO  : (SwPlatform) Successfully done update_mss 
13:52:42 INFO  : Successfully done sdx_reload_mss "D:/repos/RFSoC_Controller_V2/vitis_workspace/rfsoc_v2_platform/psu_cortexa53_0/standalone_domain/bsp/system.mss"
13:55:32 INFO  : Result from executing command 'getProjects': rfsoc_v2_platform
13:55:32 INFO  : Result from executing command 'getPlatforms': rfsoc_v2_platform|D:/repos/RFSoC_Controller_V2/vitis_workspace/rfsoc_v2_platform/export/rfsoc_v2_platform/rfsoc_v2_platform.xpfm
14:05:20 INFO  : Checking for BSP changes to sync application flags for project 'rfsoc_v2_application'...
15:46:23 INFO  : Launching XSCT server: xsct.bat -n  -interactive D:\repos\RFSoC_Controller_V2\vitis_workspace\temp_xsdb_launch_script.tcl
15:46:26 INFO  : XSCT server has started successfully.
15:46:26 INFO  : plnx-install-location is set to ''
15:46:26 INFO  : Successfully done setting XSCT server connection channel  
15:46:26 INFO  : Successfully done setting workspace for the tool. 
15:46:29 INFO  : Platform repository initialization has completed.
15:46:31 INFO  : Registering command handlers for Vitis TCF services
15:46:32 INFO  : Successfully done query RDI_DATADIR 
14:59:56 INFO  : Successfully done sdx_reload_mss "D:/repos/RFSoC_Controller_V2/vitis_workspace/rfsoc_v2_platform/zynqmp_fsbl/zynqmp_fsbl_bsp/system.mss"
14:59:56 INFO  : Successfully done sdx_reload_mss "D:/repos/RFSoC_Controller_V2/vitis_workspace/rfsoc_v2_platform/psu_cortexa53_0/standalone_domain/bsp/system.mss"
15:00:27 INFO  : Example project xaxidma_example_simple_poll_1 has been created successfully.
18:12:59 INFO  : Result from executing command 'getProjects': rfsoc_v2_platform
18:12:59 INFO  : Result from executing command 'getPlatforms': rfsoc_v2_platform|D:/repos/RFSoC_Controller_V2/vitis_workspace/rfsoc_v2_platform/export/rfsoc_v2_platform/rfsoc_v2_platform.xpfm
18:13:00 INFO  : Checking for BSP changes to sync application flags for project 'rfsoc_v2_application'...
18:14:24 INFO  : Checking for BSP changes to sync application flags for project 'rfsoc_v2_application'...
18:15:15 INFO  : Checking for BSP changes to sync application flags for project 'rfsoc_v2_application'...
18:16:29 INFO  : Checking for BSP changes to sync application flags for project 'rfsoc_v2_application'...
18:20:55 INFO  : Checking for BSP changes to sync application flags for project 'rfsoc_v2_application'...
18:21:04 INFO  : Checking for BSP changes to sync application flags for project 'rfsoc_v2_application'...
18:21:44 INFO  : Checking for BSP changes to sync application flags for project 'rfsoc_v2_application'...
18:21:58 INFO  : Checking for BSP changes to sync application flags for project 'rfsoc_v2_application'...
18:22:48 INFO  : Checking for BSP changes to sync application flags for project 'rfsoc_v2_application'...
18:23:12 INFO  : Checking for BSP changes to sync application flags for project 'rfsoc_v2_application'...
18:24:05 INFO  : Checking for BSP changes to sync application flags for project 'rfsoc_v2_application'...
18:24:23 INFO  : Checking for BSP changes to sync application flags for project 'rfsoc_v2_application'...
18:25:02 INFO  : Checking for BSP changes to sync application flags for project 'rfsoc_v2_application'...
18:25:14 INFO  : Checking for BSP changes to sync application flags for project 'rfsoc_v2_application'...
18:26:12 INFO  : Checking for BSP changes to sync application flags for project 'rfsoc_v2_application'...
18:26:38 INFO  : Checking for BSP changes to sync application flags for project 'rfsoc_v2_application'...
18:26:47 INFO  : Checking for BSP changes to sync application flags for project 'rfsoc_v2_application'...
18:27:22 INFO  : Checking for BSP changes to sync application flags for project 'rfsoc_v2_application'...
18:27:35 INFO  : Checking for BSP changes to sync application flags for project 'rfsoc_v2_application'...
18:28:03 INFO  : Checking for BSP changes to sync application flags for project 'rfsoc_v2_application'...
18:28:20 INFO  : Checking for BSP changes to sync application flags for project 'rfsoc_v2_application'...
18:28:31 INFO  : Checking for BSP changes to sync application flags for project 'rfsoc_v2_application'...
18:28:36 INFO  : Checking for BSP changes to sync application flags for project 'rfsoc_v2_application'...
18:29:53 INFO  : Checking for BSP changes to sync application flags for project 'rfsoc_v2_application'...
18:30:13 INFO  : Checking for BSP changes to sync application flags for project 'rfsoc_v2_application'...
18:30:26 INFO  : Checking for BSP changes to sync application flags for project 'rfsoc_v2_application'...
18:30:52 INFO  : Checking for BSP changes to sync application flags for project 'rfsoc_v2_application'...
18:31:23 INFO  : Checking for BSP changes to sync application flags for project 'rfsoc_v2_application'...
18:31:53 INFO  : Checking for BSP changes to sync application flags for project 'rfsoc_v2_application'...
18:32:09 INFO  : Checking for BSP changes to sync application flags for project 'rfsoc_v2_application'...
18:32:23 INFO  : Checking for BSP changes to sync application flags for project 'rfsoc_v2_application'...
18:32:49 INFO  : Checking for BSP changes to sync application flags for project 'rfsoc_v2_application'...
18:32:59 INFO  : Checking for BSP changes to sync application flags for project 'rfsoc_v2_application'...
18:34:36 ERROR : Failed to openhw "D:/repos/RFSoC_Controller_V2/vitis_workspace/rfsoc_v2_platform/export/rfsoc_v2_platform/hw/top_level_wrapper_exported.xsa"
Reason: ERROR: [Common 17-39] 'hsi::open_hw_design' failed due to earlier errors.

18:37:08 INFO  : Result from executing command 'getProjects': rfsoc_v2_platform
18:37:08 INFO  : Result from executing command 'getPlatforms': rfsoc_v2_platform|D:/repos/RFSoC_Controller_V2/vitis_workspace/rfsoc_v2_platform/export/rfsoc_v2_platform/rfsoc_v2_platform.xpfm
18:37:08 INFO  : Checking for BSP changes to sync application flags for project 'rfsoc_v2_application'...
18:38:33 INFO  : Checking for BSP changes to sync application flags for project 'rfsoc_v2_application'...
18:38:54 INFO  : Checking for BSP changes to sync application flags for project 'rfsoc_v2_application'...
18:38:58 INFO  : Checking for BSP changes to sync application flags for project 'rfsoc_v2_application'...
18:39:39 INFO  : Successfully done sdx_reload_mss "D:/repos/RFSoC_Controller_V2/vitis_workspace/rfsoc_v2_platform/psu_cortexa53_0/standalone_domain/bsp/system.mss"
18:39:39 INFO  : No changes in MSS file content so sources will not be generated.
18:40:29 INFO  : Checking for BSP changes to sync application flags for project 'rfsoc_v2_application'...
18:40:35 INFO  : Checking for BSP changes to sync application flags for project 'rfsoc_v2_application'...
18:41:17 INFO  : Checking for BSP changes to sync application flags for project 'rfsoc_v2_application'...
18:41:51 INFO  : Checking for BSP changes to sync application flags for project 'rfsoc_v2_application'...
