
*** Running vivado
    with args -log top_level_system_ila_1_0.vds -m64 -product Vivado -mode batch -messageDb vivado.pb -notrace -source top_level_system_ila_1_0.tcl



****** Vivado v2020.2 (64-bit)
  **** SW Build 3064766 on Wed Nov 18 09:12:45 MST 2020
  **** IP Build 3064653 on Wed Nov 18 14:17:31 MST 2020
    ** Copyright 1986-2020 Xilinx, Inc. All Rights Reserved.

source top_level_system_ila_1_0.tcl -notrace
Command: synth_design -top top_level_system_ila_1_0 -part xczu29dr-ffvf1760-2-e -mode out_of_context
Starting synth_design
Attempting to get a license for feature 'Synthesis' and/or device 'xczu29dr'
INFO: [Common 17-349] Got license for feature 'Synthesis' and/or device 'xczu29dr'
INFO: [Device 21-403] Loading part xczu29dr-ffvf1760-2-e
INFO: [Synth 8-7079] Multithreading enabled for synth_design using a maximum of 2 processes.
INFO: [Synth 8-7078] Launching helper process for spawning children vivado processes
INFO: [Synth 8-7075] Helper process launched with PID 4136
load diablo GTM unisim library
---------------------------------------------------------------------------------
Starting RTL Elaboration : Time (s): cpu = 00:00:22 ; elapsed = 00:00:28 . Memory (MB): peak = 1481.613 ; gain = 201.590
---------------------------------------------------------------------------------
INFO: [Synth 8-6157] synthesizing module 'top_level_system_ila_1_0' [d:/repos/RFSoC_Controller_V2/vivado_project/RFSoC_Controller_V2.srcs/sources_1/bd/top_level/ip/top_level_system_ila_1_0/synth/top_level_system_ila_1_0.v:216]
WARNING: [Synth 8-4446] all outputs are unconnected for this instance and logic may be removed [d:/repos/RFSoC_Controller_V2/vivado_project/RFSoC_Controller_V2.srcs/sources_1/bd/top_level/ip/top_level_system_ila_1_0/synth/top_level_system_ila_1_0.v:226]
INFO: [Synth 8-6157] synthesizing module 'bd_5bec' [d:/repos/RFSoC_Controller_V2/vivado_project/RFSoC_Controller_V2.srcs/sources_1/bd/top_level/ip/top_level_system_ila_1_0/bd_0/synth/bd_5bec.v:10]
WARNING: [Synth 8-4446] all outputs are unconnected for this instance and logic may be removed [d:/repos/RFSoC_Controller_V2/vivado_project/RFSoC_Controller_V2.srcs/sources_1/bd/top_level/ip/top_level_system_ila_1_0/bd_0/synth/bd_5bec.v:21]
INFO: [Synth 8-6157] synthesizing module 'bd_5bec_ila_lib_0' [d:/repos/RFSoC_Controller_V2/vivado_project/RFSoC_Controller_V2.srcs/sources_1/bd/top_level/ip/top_level_system_ila_1_0/bd_0/ip/ip_0/synth/bd_5bec_ila_lib_0.v:84]
INFO: [Synth 8-6157] synthesizing module 'CFGLUT5' [C:/Xilinx/Vivado/2020.2/scripts/rt/data/unisim_comp_diablo.v:1524]
INFO: [Synth 8-6155] done synthesizing module 'CFGLUT5' (8#1) [C:/Xilinx/Vivado/2020.2/scripts/rt/data/unisim_comp_diablo.v:1524]
INFO: [Synth 8-6157] synthesizing module 'CARRY4' [C:/Xilinx/Vivado/2020.2/scripts/rt/data/unisim_comp_diablo.v:1487]
INFO: [Synth 8-6155] done synthesizing module 'CARRY4' (9#1) [C:/Xilinx/Vivado/2020.2/scripts/rt/data/unisim_comp_diablo.v:1487]
INFO: [Synth 8-6157] synthesizing module 'SRLC32E' [C:/Xilinx/Vivado/2020.2/scripts/rt/data/unisim_comp_diablo.v:79006]
INFO: [Synth 8-6155] done synthesizing module 'SRLC32E' (19#1) [C:/Xilinx/Vivado/2020.2/scripts/rt/data/unisim_comp_diablo.v:79006]
INFO: [Synth 8-6157] synthesizing module 'SRL16E' [C:/Xilinx/Vivado/2020.2/scripts/rt/data/unisim_comp_diablo.v:78856]
INFO: [Synth 8-6155] done synthesizing module 'SRL16E' (21#1) [C:/Xilinx/Vivado/2020.2/scripts/rt/data/unisim_comp_diablo.v:78856]
INFO: [Synth 8-6157] synthesizing module 'SRLC16E' [C:/Xilinx/Vivado/2020.2/scripts/rt/data/unisim_comp_diablo.v:78945]
INFO: [Synth 8-6155] done synthesizing module 'SRLC16E' (23#1) [C:/Xilinx/Vivado/2020.2/scripts/rt/data/unisim_comp_diablo.v:78945]
INFO: [Synth 8-6157] synthesizing module 'FDRE' [C:/Xilinx/Vivado/2020.2/scripts/rt/data/unisim_comp_diablo.v:14546]
INFO: [Synth 8-6155] done synthesizing module 'FDRE' (28#1) [C:/Xilinx/Vivado/2020.2/scripts/rt/data/unisim_comp_diablo.v:14546]
WARNING: [Synth 8-7071] port 'clk_nobuf' of module 'ila_v6_2_11_ila' is unconnected for instance 'inst' [d:/repos/RFSoC_Controller_V2/vivado_project/RFSoC_Controller_V2.srcs/sources_1/bd/top_level/ip/top_level_system_ila_1_0/bd_0/ip/ip_0/synth/bd_5bec_ila_lib_0.v:3209]
WARNING: [Synth 8-7071] port 'clkdiv_out' of module 'ila_v6_2_11_ila' is unconnected for instance 'inst' [d:/repos/RFSoC_Controller_V2/vivado_project/RFSoC_Controller_V2.srcs/sources_1/bd/top_level/ip/top_level_system_ila_1_0/bd_0/ip/ip_0/synth/bd_5bec_ila_lib_0.v:3209]
WARNING: [Synth 8-7071] port 'trig_in' of module 'ila_v6_2_11_ila' is unconnected for instance 'inst' [d:/repos/RFSoC_Controller_V2/vivado_project/RFSoC_Controller_V2.srcs/sources_1/bd/top_level/ip/top_level_system_ila_1_0/bd_0/ip/ip_0/synth/bd_5bec_ila_lib_0.v:3209]
WARNING: [Synth 8-7071] port 'trig_in_ack' of module 'ila_v6_2_11_ila' is unconnected for instance 'inst' [d:/repos/RFSoC_Controller_V2/vivado_project/RFSoC_Controller_V2.srcs/sources_1/bd/top_level/ip/top_level_system_ila_1_0/bd_0/ip/ip_0/synth/bd_5bec_ila_lib_0.v:3209]
WARNING: [Synth 8-7071] port 'trig_out' of module 'ila_v6_2_11_ila' is unconnected for instance 'inst' [d:/repos/RFSoC_Controller_V2/vivado_project/RFSoC_Controller_V2.srcs/sources_1/bd/top_level/ip/top_level_system_ila_1_0/bd_0/ip/ip_0/synth/bd_5bec_ila_lib_0.v:3209]
WARNING: [Synth 8-7071] port 'trig_out_ack' of module 'ila_v6_2_11_ila' is unconnected for instance 'inst' [d:/repos/RFSoC_Controller_V2/vivado_project/RFSoC_Controller_V2.srcs/sources_1/bd/top_level/ip/top_level_system_ila_1_0/bd_0/ip/ip_0/synth/bd_5bec_ila_lib_0.v:3209]
WARNING: [Synth 8-7023] instance 'inst' of module 'ila_v6_2_11_ila' has 1033 connections declared, but only 1027 given [d:/repos/RFSoC_Controller_V2/vivado_project/RFSoC_Controller_V2.srcs/sources_1/bd/top_level/ip/top_level_system_ila_1_0/bd_0/ip/ip_0/synth/bd_5bec_ila_lib_0.v:3209]
INFO: [Synth 8-6155] done synthesizing module 'bd_5bec_ila_lib_0' (46#1) [d:/repos/RFSoC_Controller_V2/vivado_project/RFSoC_Controller_V2.srcs/sources_1/bd/top_level/ip/top_level_system_ila_1_0/bd_0/ip/ip_0/synth/bd_5bec_ila_lib_0.v:84]
INFO: [Synth 8-6071] Mark debug on the nets applies keep_hierarchy on instance 'ila_lib'. This will prevent further optimization [d:/repos/RFSoC_Controller_V2/vivado_project/RFSoC_Controller_V2.srcs/sources_1/bd/top_level/ip/top_level_system_ila_1_0/bd_0/synth/bd_5bec.v:21]
INFO: [Synth 8-6155] done synthesizing module 'bd_5bec' (47#1) [d:/repos/RFSoC_Controller_V2/vivado_project/RFSoC_Controller_V2.srcs/sources_1/bd/top_level/ip/top_level_system_ila_1_0/bd_0/synth/bd_5bec.v:10]
INFO: [Synth 8-6155] done synthesizing module 'top_level_system_ila_1_0' (48#1) [d:/repos/RFSoC_Controller_V2/vivado_project/RFSoC_Controller_V2.srcs/sources_1/bd/top_level/ip/top_level_system_ila_1_0/synth/top_level_system_ila_1_0.v:216]
---------------------------------------------------------------------------------
Finished RTL Elaboration : Time (s): cpu = 00:01:40 ; elapsed = 00:01:49 . Memory (MB): peak = 1912.516 ; gain = 632.492
---------------------------------------------------------------------------------
---------------------------------------------------------------------------------
Start Handling Custom Attributes
---------------------------------------------------------------------------------
---------------------------------------------------------------------------------
Finished Handling Custom Attributes : Time (s): cpu = 00:01:41 ; elapsed = 00:01:50 . Memory (MB): peak = 1912.516 ; gain = 632.492
---------------------------------------------------------------------------------
---------------------------------------------------------------------------------
Finished RTL Optimization Phase 1 : Time (s): cpu = 00:01:41 ; elapsed = 00:01:50 . Memory (MB): peak = 1912.516 ; gain = 632.492
---------------------------------------------------------------------------------
Netlist sorting complete. Time (s): cpu = 00:00:00 ; elapsed = 00:00:00.235 . Memory (MB): peak = 1912.516 ; gain = 0.000
INFO: [Netlist 29-17] Analyzing 55 Unisim elements for replacement
INFO: [Netlist 29-28] Unisim Transformation completed in 0 CPU seconds
INFO: [Project 1-570] Preparing netlist for logic optimization

Processing XDC Constraints
Initializing timing engine
Parsing XDC File [d:/repos/RFSoC_Controller_V2/vivado_project/RFSoC_Controller_V2.srcs/sources_1/bd/top_level/ip/top_level_system_ila_1_0/top_level_system_ila_1_0_ooc.xdc] for cell 'inst'
create_clock: Time (s): cpu = 00:00:10 ; elapsed = 00:00:10 . Memory (MB): peak = 1912.516 ; gain = 0.000
Finished Parsing XDC File [d:/repos/RFSoC_Controller_V2/vivado_project/RFSoC_Controller_V2.srcs/sources_1/bd/top_level/ip/top_level_system_ila_1_0/top_level_system_ila_1_0_ooc.xdc] for cell 'inst'
Parsing XDC File [d:/repos/RFSoC_Controller_V2/vivado_project/RFSoC_Controller_V2.srcs/sources_1/bd/top_level/ip/top_level_system_ila_1_0/bd_0/ip/ip_0/ila_v6_2/constraints/ila.xdc] for cell 'inst/ila_lib/inst'
Finished Parsing XDC File [d:/repos/RFSoC_Controller_V2/vivado_project/RFSoC_Controller_V2.srcs/sources_1/bd/top_level/ip/top_level_system_ila_1_0/bd_0/ip/ip_0/ila_v6_2/constraints/ila.xdc] for cell 'inst/ila_lib/inst'
Parsing XDC File [D:/repos/RFSoC_Controller_V2/vivado_project/RFSoC_Controller_V2.runs/top_level_system_ila_1_0_synth_1/dont_touch.xdc]
Finished Parsing XDC File [D:/repos/RFSoC_Controller_V2/vivado_project/RFSoC_Controller_V2.runs/top_level_system_ila_1_0_synth_1/dont_touch.xdc]
INFO: [Project 1-236] Implementation specific constraints were found while reading constraint file [D:/repos/RFSoC_Controller_V2/vivado_project/RFSoC_Controller_V2.runs/top_level_system_ila_1_0_synth_1/dont_touch.xdc]. These constraints will be ignored for synthesis but will be used in implementation. Impacted constraints are listed in the file [.Xil/top_level_system_ila_1_0_propImpl.xdc].
Resolution: To avoid this warning, move constraints listed in [.Xil/top_level_system_ila_1_0_propImpl.xdc] to another XDC file and exclude this new file from synthesis with the used_in_synthesis property (File Properties dialog in GUI) and re-run elaboration/synthesis.
Completed Processing XDC Constraints

Netlist sorting complete. Time (s): cpu = 00:00:00 ; elapsed = 00:00:00.003 . Memory (MB): peak = 1912.516 ; gain = 0.000
INFO: [Project 1-111] Unisim Transformation Summary:
  A total of 41 instances were transformed.
  CFGLUT5 => CFGLUT5 (SRL16E, SRLC32E): 36 instances
  CFGLUT5 => SRLC32E: 5 instances

Constraint Validation Runtime : Time (s): cpu = 00:00:01 ; elapsed = 00:00:00.353 . Memory (MB): peak = 1912.516 ; gain = 0.000
load diablo GTM unisim library
---------------------------------------------------------------------------------
Finished Constraint Validation : Time (s): cpu = 00:02:08 ; elapsed = 00:02:18 . Memory (MB): peak = 1912.516 ; gain = 632.492
---------------------------------------------------------------------------------
---------------------------------------------------------------------------------
Start Loading Part and Timing Information
---------------------------------------------------------------------------------
Loading part: xczu29dr-ffvf1760-2-e
INFO: [Synth 8-6742] Reading net delay rules and data
---------------------------------------------------------------------------------
Finished Loading Part and Timing Information : Time (s): cpu = 00:02:08 ; elapsed = 00:02:18 . Memory (MB): peak = 1912.516 ; gain = 632.492
---------------------------------------------------------------------------------
---------------------------------------------------------------------------------
Start Applying 'set_property' XDC Constraints
---------------------------------------------------------------------------------
Applied set_property KEEP_HIERARCHY = SOFT for inst/ila_lib/inst. (constraint file  D:/repos/RFSoC_Controller_V2/vivado_project/RFSoC_Controller_V2.runs/top_level_system_ila_1_0_synth_1/dont_touch.xdc, line 14).
Applied set_property KEEP_HIERARCHY = SOFT for inst. (constraint file  auto generated constraint).
Applied set_property KEEP_HIERARCHY = SOFT for inst/ila_lib. (constraint file  auto generated constraint).
---------------------------------------------------------------------------------
Finished applying 'set_property' XDC Constraints : Time (s): cpu = 00:02:08 ; elapsed = 00:02:18 . Memory (MB): peak = 1912.516 ; gain = 632.492
---------------------------------------------------------------------------------
INFO: [Synth 8-802] inferred FSM for state register 'current_state_reg' in module 'xsdbs_v1_0_2_reg_p2s'
INFO: [Synth 8-802] inferred FSM for state register 'current_state_reg' in module 'xsdbs_v1_0_2_reg_p2s__parameterized0'
INFO: [Synth 8-802] inferred FSM for state register 'current_state_reg' in module 'xsdbs_v1_0_2_reg_p2s__parameterized1'
INFO: [Synth 8-802] inferred FSM for state register 'current_state_reg' in module 'ltlib_v1_0_0_generic_memrd'
---------------------------------------------------------------------------------------------------
                   State |                     New Encoding |                Previous Encoding 
---------------------------------------------------------------------------------------------------
*
                    IDLE |                             0001 |                             0001
                     REG |                             0010 |                             0010
                     P2S |                             0100 |                             0100
                     S2P |                             1000 |                             1000
---------------------------------------------------------------------------------------------------
INFO: [Synth 8-3898] No Re-encoding of one hot register 'current_state_reg' in module 'xsdbs_v1_0_2_reg_p2s'
---------------------------------------------------------------------------------------------------
                   State |                     New Encoding |                Previous Encoding 
---------------------------------------------------------------------------------------------------
*
                    IDLE |                             0001 |                             0001
                     REG |                             0010 |                             0010
                     P2S |                             0100 |                             0100
                     S2P |                             1000 |                             1000
---------------------------------------------------------------------------------------------------
INFO: [Synth 8-3898] No Re-encoding of one hot register 'current_state_reg' in module 'xsdbs_v1_0_2_reg_p2s__parameterized0'
---------------------------------------------------------------------------------------------------
                   State |                     New Encoding |                Previous Encoding 
---------------------------------------------------------------------------------------------------
*
                    IDLE |                             0001 |                             0001
                     REG |                             0010 |                             0010
                     P2S |                             0100 |                             0100
                     S2P |                             1000 |                             1000
---------------------------------------------------------------------------------------------------
INFO: [Synth 8-3898] No Re-encoding of one hot register 'current_state_reg' in module 'xsdbs_v1_0_2_reg_p2s__parameterized1'
---------------------------------------------------------------------------------------------------
                   State |                     New Encoding |                Previous Encoding 
---------------------------------------------------------------------------------------------------
*
              RESET_ADDR |                          0000001 |                          0000001
            REQUEST_READ |                          0000010 |                          0000010
           WAIT_READ_ACK |                          0000100 |                          0000100
             OUTPUT_DATA |                          0001000 |                          0001000
                    IDLE |                          0010000 |                          0010000
         INCREMENT_BLOCK |                          0100000 |                          0100000
       INCREMENT_ADDRESS |                          1000000 |                          1000000
---------------------------------------------------------------------------------------------------
INFO: [Synth 8-3898] No Re-encoding of one hot register 'current_state_reg' in module 'ltlib_v1_0_0_generic_memrd'
---------------------------------------------------------------------------------
Finished RTL Optimization Phase 2 : Time (s): cpu = 00:02:12 ; elapsed = 00:02:22 . Memory (MB): peak = 1912.516 ; gain = 632.492
---------------------------------------------------------------------------------
---------------------------------------------------------------------------------
Start RTL Component Statistics 
---------------------------------------------------------------------------------
---------------------------------------------------------------------------------
Finished RTL Component Statistics 
---------------------------------------------------------------------------------
---------------------------------------------------------------------------------
Start Part Resource Summary
---------------------------------------------------------------------------------
Part Resources:
DSPs: 4272 (col length:192)
BRAMs: 2160 (col length: RAMB18 192 RAMB36 96)
---------------------------------------------------------------------------------
Finished Part Resource Summary
---------------------------------------------------------------------------------
---------------------------------------------------------------------------------
Start Cross Boundary and Area Optimization
---------------------------------------------------------------------------------
---------------------------------------------------------------------------------
Finished Cross Boundary and Area Optimization : Time (s): cpu = 00:02:29 ; elapsed = 00:02:39 . Memory (MB): peak = 1912.516 ; gain = 632.492
---------------------------------------------------------------------------------
---------------------------------------------------------------------------------
Start Applying XDC Timing Constraints
---------------------------------------------------------------------------------
---------------------------------------------------------------------------------
Finished Applying XDC Timing Constraints : Time (s): cpu = 00:02:49 ; elapsed = 00:03:00 . Memory (MB): peak = 2110.477 ; gain = 830.453
---------------------------------------------------------------------------------
---------------------------------------------------------------------------------
Start Timing Optimization
---------------------------------------------------------------------------------
---------------------------------------------------------------------------------
Finished Timing Optimization : Time (s): cpu = 00:02:53 ; elapsed = 00:03:04 . Memory (MB): peak = 2163.328 ; gain = 883.305
---------------------------------------------------------------------------------
---------------------------------------------------------------------------------
Start Technology Mapping
---------------------------------------------------------------------------------
---------------------------------------------------------------------------------
Finished Technology Mapping : Time (s): cpu = 00:02:54 ; elapsed = 00:03:05 . Memory (MB): peak = 2167.129 ; gain = 887.105
---------------------------------------------------------------------------------
---------------------------------------------------------------------------------
Start IO Insertion
---------------------------------------------------------------------------------
---------------------------------------------------------------------------------
Start Flattening Before IO Insertion
---------------------------------------------------------------------------------
---------------------------------------------------------------------------------
Finished Flattening Before IO Insertion
---------------------------------------------------------------------------------
---------------------------------------------------------------------------------
Start Final Netlist Cleanup
---------------------------------------------------------------------------------
---------------------------------------------------------------------------------
Finished Final Netlist Cleanup
---------------------------------------------------------------------------------
INFO: [Synth 8-3295] tying undriven pin dummy_inferred:in0 to constant 0
INFO: [Synth 8-3295] tying undriven pin inst:sl_iport0[36] to constant 0
INFO: [Synth 8-3295] tying undriven pin inst:sl_iport0[35] to constant 0
INFO: [Synth 8-3295] tying undriven pin inst:sl_iport0[34] to constant 0
INFO: [Synth 8-3295] tying undriven pin inst:sl_iport0[33] to constant 0
INFO: [Synth 8-3295] tying undriven pin inst:sl_iport0[32] to constant 0
INFO: [Synth 8-3295] tying undriven pin inst:sl_iport0[31] to constant 0
INFO: [Synth 8-3295] tying undriven pin inst:sl_iport0[30] to constant 0
INFO: [Synth 8-3295] tying undriven pin inst:sl_iport0[29] to constant 0
INFO: [Synth 8-3295] tying undriven pin inst:sl_iport0[28] to constant 0
INFO: [Synth 8-3295] tying undriven pin inst:sl_iport0[27] to constant 0
INFO: [Synth 8-3295] tying undriven pin inst:sl_iport0[26] to constant 0
INFO: [Synth 8-3295] tying undriven pin inst:sl_iport0[25] to constant 0
INFO: [Synth 8-3295] tying undriven pin inst:sl_iport0[24] to constant 0
INFO: [Synth 8-3295] tying undriven pin inst:sl_iport0[23] to constant 0
INFO: [Synth 8-3295] tying undriven pin inst:sl_iport0[22] to constant 0
INFO: [Synth 8-3295] tying undriven pin inst:sl_iport0[21] to constant 0
INFO: [Synth 8-3295] tying undriven pin inst:sl_iport0[20] to constant 0
INFO: [Synth 8-3295] tying undriven pin inst:sl_iport0[19] to constant 0
INFO: [Synth 8-3295] tying undriven pin inst:sl_iport0[18] to constant 0
INFO: [Synth 8-3295] tying undriven pin inst:sl_iport0[17] to constant 0
INFO: [Synth 8-3295] tying undriven pin inst:sl_iport0[16] to constant 0
INFO: [Synth 8-3295] tying undriven pin inst:sl_iport0[15] to constant 0
INFO: [Synth 8-3295] tying undriven pin inst:sl_iport0[14] to constant 0
INFO: [Synth 8-3295] tying undriven pin inst:sl_iport0[13] to constant 0
INFO: [Synth 8-3295] tying undriven pin inst:sl_iport0[12] to constant 0
INFO: [Synth 8-3295] tying undriven pin inst:sl_iport0[11] to constant 0
INFO: [Synth 8-3295] tying undriven pin inst:sl_iport0[10] to constant 0
INFO: [Synth 8-3295] tying undriven pin inst:sl_iport0[9] to constant 0
INFO: [Synth 8-3295] tying undriven pin inst:sl_iport0[8] to constant 0
INFO: [Synth 8-3295] tying undriven pin inst:sl_iport0[7] to constant 0
INFO: [Synth 8-3295] tying undriven pin inst:sl_iport0[6] to constant 0
INFO: [Synth 8-3295] tying undriven pin inst:sl_iport0[5] to constant 0
INFO: [Synth 8-3295] tying undriven pin inst:sl_iport0[4] to constant 0
INFO: [Synth 8-3295] tying undriven pin inst:sl_iport0[3] to constant 0
INFO: [Synth 8-3295] tying undriven pin inst:sl_iport0[2] to constant 0
INFO: [Synth 8-3295] tying undriven pin inst:sl_iport0[1] to constant 0
INFO: [Synth 8-3295] tying undriven pin inst:sl_iport0[0] to constant 0
INFO: [Synth 8-3295] tying undriven pin inst:trig_in to constant 0
INFO: [Synth 8-3295] tying undriven pin inst:trig_out_ack to constant 0
---------------------------------------------------------------------------------
Finished IO Insertion : Time (s): cpu = 00:02:57 ; elapsed = 00:03:08 . Memory (MB): peak = 2167.129 ; gain = 887.105
---------------------------------------------------------------------------------
---------------------------------------------------------------------------------
Start Renaming Generated Instances
---------------------------------------------------------------------------------
---------------------------------------------------------------------------------
Finished Renaming Generated Instances : Time (s): cpu = 00:02:57 ; elapsed = 00:03:08 . Memory (MB): peak = 2167.129 ; gain = 887.105
---------------------------------------------------------------------------------
---------------------------------------------------------------------------------
Start Rebuilding User Hierarchy
---------------------------------------------------------------------------------
---------------------------------------------------------------------------------
Finished Rebuilding User Hierarchy : Time (s): cpu = 00:02:57 ; elapsed = 00:03:08 . Memory (MB): peak = 2167.129 ; gain = 887.105
---------------------------------------------------------------------------------
---------------------------------------------------------------------------------
Start Renaming Generated Ports
---------------------------------------------------------------------------------
---------------------------------------------------------------------------------
Finished Renaming Generated Ports : Time (s): cpu = 00:02:57 ; elapsed = 00:03:08 . Memory (MB): peak = 2167.129 ; gain = 887.105
---------------------------------------------------------------------------------
---------------------------------------------------------------------------------
Start Handling Custom Attributes
---------------------------------------------------------------------------------
---------------------------------------------------------------------------------
Finished Handling Custom Attributes : Time (s): cpu = 00:02:57 ; elapsed = 00:03:08 . Memory (MB): peak = 2167.129 ; gain = 887.105
---------------------------------------------------------------------------------
---------------------------------------------------------------------------------
Start Renaming Generated Nets
---------------------------------------------------------------------------------
---------------------------------------------------------------------------------
Finished Renaming Generated Nets : Time (s): cpu = 00:02:57 ; elapsed = 00:03:08 . Memory (MB): peak = 2167.129 ; gain = 887.105
---------------------------------------------------------------------------------
---------------------------------------------------------------------------------
Start Writing Synthesis Report
---------------------------------------------------------------------------------

Report BlackBoxes: 
+-+--------------+----------+
| |BlackBox name |Instances |
+-+--------------+----------+
+-+--------------+----------+

Report Cell Usage: 
+------+---------+------+
|      |Cell     |Count |
+------+---------+------+
|1     |CARRY4   |    14|
|2     |CFGLUT5  |    41|
|3     |LUT1     |    28|
|4     |LUT2     |    45|
|5     |LUT3     |    85|
|6     |LUT4     |    61|
|7     |LUT5     |    68|
|8     |LUT6     |   323|
|9     |MUXF7    |     2|
|10    |RAMB18E2 |     1|
|11    |SRL16E   |    20|
|12    |SRLC16E  |     2|
|13    |SRLC32E  |    17|
|14    |FDRE     |  1117|
|15    |FDSE     |    10|
+------+---------+------+
---------------------------------------------------------------------------------
Finished Writing Synthesis Report : Time (s): cpu = 00:02:57 ; elapsed = 00:03:08 . Memory (MB): peak = 2167.129 ; gain = 887.105
---------------------------------------------------------------------------------
Synthesis finished with 0 errors, 0 critical warnings and 0 warnings.
Synthesis Optimization Runtime : Time (s): cpu = 00:00:56 ; elapsed = 00:02:48 . Memory (MB): peak = 2167.129 ; gain = 887.105
Synthesis Optimization Complete : Time (s): cpu = 00:02:57 ; elapsed = 00:03:08 . Memory (MB): peak = 2167.129 ; gain = 887.105
INFO: [Project 1-571] Translating synthesized netlist
Netlist sorting complete. Time (s): cpu = 00:00:00 ; elapsed = 00:00:00.067 . Memory (MB): peak = 2167.129 ; gain = 0.000
INFO: [Netlist 29-17] Analyzing 57 Unisim elements for replacement
INFO: [Netlist 29-28] Unisim Transformation completed in 0 CPU seconds
INFO: [Project 1-570] Preparing netlist for logic optimization
INFO: [Opt 31-138] Pushed 0 inverter(s) to 0 load pin(s).
Netlist sorting complete. Time (s): cpu = 00:00:00 ; elapsed = 00:00:00.002 . Memory (MB): peak = 2201.949 ; gain = 0.000
INFO: [Project 1-111] Unisim Transformation Summary:
  A total of 50 instances were transformed.
  (CARRY4) => CARRY8: 9 instances
  CFGLUT5 => CFGLUT5 (SRL16E, SRLC32E): 36 instances
  CFGLUT5 => SRLC32E: 5 instances

INFO: [Common 17-83] Releasing license: Synthesis
85 Infos, 9 Warnings, 0 Critical Warnings and 0 Errors encountered.
synth_design completed successfully
synth_design: Time (s): cpu = 00:03:13 ; elapsed = 00:03:26 . Memory (MB): peak = 2201.949 ; gain = 1202.879
INFO: [Common 17-1381] The checkpoint 'D:/repos/RFSoC_Controller_V2/vivado_project/RFSoC_Controller_V2.runs/top_level_system_ila_1_0_synth_1/top_level_system_ila_1_0.dcp' has been generated.
WARNING: [Common 17-576] 'use_project_ipc' is deprecated. This option is deprecated and no longer used.
INFO: [Coretcl 2-1648] Added synthesis output to IP cache for IP top_level_system_ila_1_0, cache-ID = 821a9fda8c39acd0
INFO: [Coretcl 2-1174] Renamed 106 cell refs.
INFO: [Common 17-1381] The checkpoint 'D:/repos/RFSoC_Controller_V2/vivado_project/RFSoC_Controller_V2.runs/top_level_system_ila_1_0_synth_1/top_level_system_ila_1_0.dcp' has been generated.
INFO: [runtcl-4] Executing : report_utilization -file top_level_system_ila_1_0_utilization_synth.rpt -pb top_level_system_ila_1_0_utilization_synth.pb
INFO: [Common 17-206] Exiting Vivado at Sun Nov 29 16:37:31 2020...

*** Running vivado
    with args -log top_level_system_ila_1_0.vds -m64 -product Vivado -mode batch -messageDb vivado.pb -notrace -source top_level_system_ila_1_0.tcl



****** Vivado v2020.2 (64-bit)
  **** SW Build 3064766 on Wed Nov 18 09:12:45 MST 2020
  **** IP Build 3064653 on Wed Nov 18 14:17:31 MST 2020
    ** Copyright 1986-2020 Xilinx, Inc. All Rights Reserved.

source top_level_system_ila_1_0.tcl -notrace
Command: synth_design -top top_level_system_ila_1_0 -part xczu29dr-ffvf1760-2-e -mode out_of_context
Starting synth_design
Attempting to get a license for feature 'Synthesis' and/or device 'xczu29dr'
INFO: [Common 17-349] Got license for feature 'Synthesis' and/or device 'xczu29dr'
INFO: [Common 17-86] Your Synthesis license expires in 23 day(s)
INFO: [Device 21-403] Loading part xczu29dr-ffvf1760-2-e
INFO: [Synth 8-7079] Multithreading enabled for synth_design using a maximum of 2 processes.
INFO: [Synth 8-7078] Launching helper process for spawning children vivado processes
INFO: [Synth 8-7075] Helper process launched with PID 18452
load diablo GTM unisim library
---------------------------------------------------------------------------------
Starting RTL Elaboration : Time (s): cpu = 00:00:16 ; elapsed = 00:00:18 . Memory (MB): peak = 1480.414 ; gain = 200.895
---------------------------------------------------------------------------------
INFO: [Synth 8-6157] synthesizing module 'top_level_system_ila_1_0' [d:/repos/RFSoC_Controller_V2/vivado_project/RFSoC_Controller_V2.srcs/sources_1/bd/top_level/ip/top_level_system_ila_1_0/synth/top_level_system_ila_1_0.v:216]
WARNING: [Synth 8-4446] all outputs are unconnected for this instance and logic may be removed [d:/repos/RFSoC_Controller_V2/vivado_project/RFSoC_Controller_V2.srcs/sources_1/bd/top_level/ip/top_level_system_ila_1_0/synth/top_level_system_ila_1_0.v:226]
INFO: [Synth 8-6157] synthesizing module 'bd_5bec' [d:/repos/RFSoC_Controller_V2/vivado_project/RFSoC_Controller_V2.srcs/sources_1/bd/top_level/ip/top_level_system_ila_1_0/bd_0/synth/bd_5bec.v:10]
WARNING: [Synth 8-4446] all outputs are unconnected for this instance and logic may be removed [d:/repos/RFSoC_Controller_V2/vivado_project/RFSoC_Controller_V2.srcs/sources_1/bd/top_level/ip/top_level_system_ila_1_0/bd_0/synth/bd_5bec.v:21]
INFO: [Synth 8-6157] synthesizing module 'bd_5bec_ila_lib_0' [d:/repos/RFSoC_Controller_V2/vivado_project/RFSoC_Controller_V2.srcs/sources_1/bd/top_level/ip/top_level_system_ila_1_0/bd_0/ip/ip_0/synth/bd_5bec_ila_lib_0.v:84]
INFO: [Synth 8-6157] synthesizing module 'CFGLUT5' [C:/Xilinx/Vivado/2020.2/scripts/rt/data/unisim_comp_diablo.v:1524]
INFO: [Synth 8-6155] done synthesizing module 'CFGLUT5' (8#1) [C:/Xilinx/Vivado/2020.2/scripts/rt/data/unisim_comp_diablo.v:1524]
INFO: [Synth 8-6157] synthesizing module 'CARRY4' [C:/Xilinx/Vivado/2020.2/scripts/rt/data/unisim_comp_diablo.v:1487]
INFO: [Synth 8-6155] done synthesizing module 'CARRY4' (9#1) [C:/Xilinx/Vivado/2020.2/scripts/rt/data/unisim_comp_diablo.v:1487]
INFO: [Synth 8-6157] synthesizing module 'SRLC32E' [C:/Xilinx/Vivado/2020.2/scripts/rt/data/unisim_comp_diablo.v:79006]
INFO: [Synth 8-6155] done synthesizing module 'SRLC32E' (19#1) [C:/Xilinx/Vivado/2020.2/scripts/rt/data/unisim_comp_diablo.v:79006]
INFO: [Synth 8-6157] synthesizing module 'SRL16E' [C:/Xilinx/Vivado/2020.2/scripts/rt/data/unisim_comp_diablo.v:78856]
INFO: [Synth 8-6155] done synthesizing module 'SRL16E' (21#1) [C:/Xilinx/Vivado/2020.2/scripts/rt/data/unisim_comp_diablo.v:78856]
INFO: [Synth 8-6157] synthesizing module 'SRLC16E' [C:/Xilinx/Vivado/2020.2/scripts/rt/data/unisim_comp_diablo.v:78945]
INFO: [Synth 8-6155] done synthesizing module 'SRLC16E' (23#1) [C:/Xilinx/Vivado/2020.2/scripts/rt/data/unisim_comp_diablo.v:78945]
INFO: [Synth 8-6157] synthesizing module 'FDRE' [C:/Xilinx/Vivado/2020.2/scripts/rt/data/unisim_comp_diablo.v:14546]
INFO: [Synth 8-6155] done synthesizing module 'FDRE' (28#1) [C:/Xilinx/Vivado/2020.2/scripts/rt/data/unisim_comp_diablo.v:14546]
WARNING: [Synth 8-7071] port 'clk_nobuf' of module 'ila_v6_2_11_ila' is unconnected for instance 'inst' [d:/repos/RFSoC_Controller_V2/vivado_project/RFSoC_Controller_V2.srcs/sources_1/bd/top_level/ip/top_level_system_ila_1_0/bd_0/ip/ip_0/synth/bd_5bec_ila_lib_0.v:3209]
WARNING: [Synth 8-7071] port 'clkdiv_out' of module 'ila_v6_2_11_ila' is unconnected for instance 'inst' [d:/repos/RFSoC_Controller_V2/vivado_project/RFSoC_Controller_V2.srcs/sources_1/bd/top_level/ip/top_level_system_ila_1_0/bd_0/ip/ip_0/synth/bd_5bec_ila_lib_0.v:3209]
WARNING: [Synth 8-7071] port 'trig_in' of module 'ila_v6_2_11_ila' is unconnected for instance 'inst' [d:/repos/RFSoC_Controller_V2/vivado_project/RFSoC_Controller_V2.srcs/sources_1/bd/top_level/ip/top_level_system_ila_1_0/bd_0/ip/ip_0/synth/bd_5bec_ila_lib_0.v:3209]
WARNING: [Synth 8-7071] port 'trig_in_ack' of module 'ila_v6_2_11_ila' is unconnected for instance 'inst' [d:/repos/RFSoC_Controller_V2/vivado_project/RFSoC_Controller_V2.srcs/sources_1/bd/top_level/ip/top_level_system_ila_1_0/bd_0/ip/ip_0/synth/bd_5bec_ila_lib_0.v:3209]
WARNING: [Synth 8-7071] port 'trig_out' of module 'ila_v6_2_11_ila' is unconnected for instance 'inst' [d:/repos/RFSoC_Controller_V2/vivado_project/RFSoC_Controller_V2.srcs/sources_1/bd/top_level/ip/top_level_system_ila_1_0/bd_0/ip/ip_0/synth/bd_5bec_ila_lib_0.v:3209]
WARNING: [Synth 8-7071] port 'trig_out_ack' of module 'ila_v6_2_11_ila' is unconnected for instance 'inst' [d:/repos/RFSoC_Controller_V2/vivado_project/RFSoC_Controller_V2.srcs/sources_1/bd/top_level/ip/top_level_system_ila_1_0/bd_0/ip/ip_0/synth/bd_5bec_ila_lib_0.v:3209]
WARNING: [Synth 8-7023] instance 'inst' of module 'ila_v6_2_11_ila' has 1033 connections declared, but only 1027 given [d:/repos/RFSoC_Controller_V2/vivado_project/RFSoC_Controller_V2.srcs/sources_1/bd/top_level/ip/top_level_system_ila_1_0/bd_0/ip/ip_0/synth/bd_5bec_ila_lib_0.v:3209]
INFO: [Synth 8-6155] done synthesizing module 'bd_5bec_ila_lib_0' (46#1) [d:/repos/RFSoC_Controller_V2/vivado_project/RFSoC_Controller_V2.srcs/sources_1/bd/top_level/ip/top_level_system_ila_1_0/bd_0/ip/ip_0/synth/bd_5bec_ila_lib_0.v:84]
INFO: [Synth 8-6071] Mark debug on the nets applies keep_hierarchy on instance 'ila_lib'. This will prevent further optimization [d:/repos/RFSoC_Controller_V2/vivado_project/RFSoC_Controller_V2.srcs/sources_1/bd/top_level/ip/top_level_system_ila_1_0/bd_0/synth/bd_5bec.v:21]
INFO: [Synth 8-6155] done synthesizing module 'bd_5bec' (47#1) [d:/repos/RFSoC_Controller_V2/vivado_project/RFSoC_Controller_V2.srcs/sources_1/bd/top_level/ip/top_level_system_ila_1_0/bd_0/synth/bd_5bec.v:10]
INFO: [Synth 8-6155] done synthesizing module 'top_level_system_ila_1_0' (48#1) [d:/repos/RFSoC_Controller_V2/vivado_project/RFSoC_Controller_V2.srcs/sources_1/bd/top_level/ip/top_level_system_ila_1_0/synth/top_level_system_ila_1_0.v:216]
---------------------------------------------------------------------------------
Finished RTL Elaboration : Time (s): cpu = 00:01:06 ; elapsed = 00:01:10 . Memory (MB): peak = 1909.320 ; gain = 629.801
---------------------------------------------------------------------------------
---------------------------------------------------------------------------------
Start Handling Custom Attributes
---------------------------------------------------------------------------------
---------------------------------------------------------------------------------
Finished Handling Custom Attributes : Time (s): cpu = 00:01:06 ; elapsed = 00:01:11 . Memory (MB): peak = 1909.320 ; gain = 629.801
---------------------------------------------------------------------------------
---------------------------------------------------------------------------------
Finished RTL Optimization Phase 1 : Time (s): cpu = 00:01:06 ; elapsed = 00:01:11 . Memory (MB): peak = 1909.320 ; gain = 629.801
---------------------------------------------------------------------------------
Netlist sorting complete. Time (s): cpu = 00:00:00 ; elapsed = 00:00:00.196 . Memory (MB): peak = 1909.320 ; gain = 0.000
INFO: [Netlist 29-17] Analyzing 55 Unisim elements for replacement
INFO: [Netlist 29-28] Unisim Transformation completed in 0 CPU seconds
INFO: [Project 1-570] Preparing netlist for logic optimization

Processing XDC Constraints
Initializing timing engine
Parsing XDC File [d:/repos/RFSoC_Controller_V2/vivado_project/RFSoC_Controller_V2.srcs/sources_1/bd/top_level/ip/top_level_system_ila_1_0/top_level_system_ila_1_0_ooc.xdc] for cell 'inst'
create_clock: Time (s): cpu = 00:00:06 ; elapsed = 00:00:06 . Memory (MB): peak = 1909.320 ; gain = 0.000
Finished Parsing XDC File [d:/repos/RFSoC_Controller_V2/vivado_project/RFSoC_Controller_V2.srcs/sources_1/bd/top_level/ip/top_level_system_ila_1_0/top_level_system_ila_1_0_ooc.xdc] for cell 'inst'
Parsing XDC File [d:/repos/RFSoC_Controller_V2/vivado_project/RFSoC_Controller_V2.srcs/sources_1/bd/top_level/ip/top_level_system_ila_1_0/bd_0/ip/ip_0/ila_v6_2/constraints/ila.xdc] for cell 'inst/ila_lib/inst'
Finished Parsing XDC File [d:/repos/RFSoC_Controller_V2/vivado_project/RFSoC_Controller_V2.srcs/sources_1/bd/top_level/ip/top_level_system_ila_1_0/bd_0/ip/ip_0/ila_v6_2/constraints/ila.xdc] for cell 'inst/ila_lib/inst'
Parsing XDC File [D:/repos/RFSoC_Controller_V2/vivado_project/RFSoC_Controller_V2.runs/top_level_system_ila_1_0_synth_1/dont_touch.xdc]
Finished Parsing XDC File [D:/repos/RFSoC_Controller_V2/vivado_project/RFSoC_Controller_V2.runs/top_level_system_ila_1_0_synth_1/dont_touch.xdc]
INFO: [Project 1-236] Implementation specific constraints were found while reading constraint file [D:/repos/RFSoC_Controller_V2/vivado_project/RFSoC_Controller_V2.runs/top_level_system_ila_1_0_synth_1/dont_touch.xdc]. These constraints will be ignored for synthesis but will be used in implementation. Impacted constraints are listed in the file [.Xil/top_level_system_ila_1_0_propImpl.xdc].
Resolution: To avoid this warning, move constraints listed in [.Xil/top_level_system_ila_1_0_propImpl.xdc] to another XDC file and exclude this new file from synthesis with the used_in_synthesis property (File Properties dialog in GUI) and re-run elaboration/synthesis.
Completed Processing XDC Constraints

Netlist sorting complete. Time (s): cpu = 00:00:00 ; elapsed = 00:00:00.004 . Memory (MB): peak = 1909.320 ; gain = 0.000
INFO: [Project 1-111] Unisim Transformation Summary:
  A total of 41 instances were transformed.
  CFGLUT5 => CFGLUT5 (SRL16E, SRLC32E): 36 instances
  CFGLUT5 => SRLC32E: 5 instances

Constraint Validation Runtime : Time (s): cpu = 00:00:00 ; elapsed = 00:00:00.296 . Memory (MB): peak = 1909.320 ; gain = 0.000
load diablo GTM unisim library
---------------------------------------------------------------------------------
Finished Constraint Validation : Time (s): cpu = 00:01:25 ; elapsed = 00:01:30 . Memory (MB): peak = 1909.320 ; gain = 629.801
---------------------------------------------------------------------------------
---------------------------------------------------------------------------------
Start Loading Part and Timing Information
---------------------------------------------------------------------------------
Loading part: xczu29dr-ffvf1760-2-e
INFO: [Synth 8-6742] Reading net delay rules and data
---------------------------------------------------------------------------------
Finished Loading Part and Timing Information : Time (s): cpu = 00:01:25 ; elapsed = 00:01:30 . Memory (MB): peak = 1909.320 ; gain = 629.801
---------------------------------------------------------------------------------
---------------------------------------------------------------------------------
Start Applying 'set_property' XDC Constraints
---------------------------------------------------------------------------------
Applied set_property KEEP_HIERARCHY = SOFT for inst/ila_lib/inst. (constraint file  D:/repos/RFSoC_Controller_V2/vivado_project/RFSoC_Controller_V2.runs/top_level_system_ila_1_0_synth_1/dont_touch.xdc, line 14).
Applied set_property KEEP_HIERARCHY = SOFT for inst. (constraint file  auto generated constraint).
Applied set_property KEEP_HIERARCHY = SOFT for inst/ila_lib. (constraint file  auto generated constraint).
---------------------------------------------------------------------------------
Finished applying 'set_property' XDC Constraints : Time (s): cpu = 00:01:26 ; elapsed = 00:01:30 . Memory (MB): peak = 1909.320 ; gain = 629.801
---------------------------------------------------------------------------------
INFO: [Synth 8-802] inferred FSM for state register 'current_state_reg' in module 'xsdbs_v1_0_2_reg_p2s'
INFO: [Synth 8-802] inferred FSM for state register 'current_state_reg' in module 'xsdbs_v1_0_2_reg_p2s__parameterized0'
INFO: [Synth 8-802] inferred FSM for state register 'current_state_reg' in module 'xsdbs_v1_0_2_reg_p2s__parameterized1'
INFO: [Synth 8-802] inferred FSM for state register 'current_state_reg' in module 'ltlib_v1_0_0_generic_memrd'
---------------------------------------------------------------------------------------------------
                   State |                     New Encoding |                Previous Encoding 
---------------------------------------------------------------------------------------------------
*
                    IDLE |                             0001 |                             0001
                     REG |                             0010 |                             0010
                     P2S |                             0100 |                             0100
                     S2P |                             1000 |                             1000
---------------------------------------------------------------------------------------------------
INFO: [Synth 8-3898] No Re-encoding of one hot register 'current_state_reg' in module 'xsdbs_v1_0_2_reg_p2s'
---------------------------------------------------------------------------------------------------
                   State |                     New Encoding |                Previous Encoding 
---------------------------------------------------------------------------------------------------
*
                    IDLE |                             0001 |                             0001
                     REG |                             0010 |                             0010
                     P2S |                             0100 |                             0100
                     S2P |                             1000 |                             1000
---------------------------------------------------------------------------------------------------
INFO: [Synth 8-3898] No Re-encoding of one hot register 'current_state_reg' in module 'xsdbs_v1_0_2_reg_p2s__parameterized0'
---------------------------------------------------------------------------------------------------
                   State |                     New Encoding |                Previous Encoding 
---------------------------------------------------------------------------------------------------
*
                    IDLE |                             0001 |                             0001
                     REG |                             0010 |                             0010
                     P2S |                             0100 |                             0100
                     S2P |                             1000 |                             1000
---------------------------------------------------------------------------------------------------
INFO: [Synth 8-3898] No Re-encoding of one hot register 'current_state_reg' in module 'xsdbs_v1_0_2_reg_p2s__parameterized1'
---------------------------------------------------------------------------------------------------
                   State |                     New Encoding |                Previous Encoding 
---------------------------------------------------------------------------------------------------
*
              RESET_ADDR |                          0000001 |                          0000001
            REQUEST_READ |                          0000010 |                          0000010
           WAIT_READ_ACK |                          0000100 |                          0000100
             OUTPUT_DATA |                          0001000 |                          0001000
                    IDLE |                          0010000 |                          0010000
         INCREMENT_BLOCK |                          0100000 |                          0100000
       INCREMENT_ADDRESS |                          1000000 |                          1000000
---------------------------------------------------------------------------------------------------
INFO: [Synth 8-3898] No Re-encoding of one hot register 'current_state_reg' in module 'ltlib_v1_0_0_generic_memrd'
---------------------------------------------------------------------------------
Finished RTL Optimization Phase 2 : Time (s): cpu = 00:01:29 ; elapsed = 00:01:34 . Memory (MB): peak = 1909.320 ; gain = 629.801
---------------------------------------------------------------------------------
---------------------------------------------------------------------------------
Start RTL Component Statistics 
---------------------------------------------------------------------------------
---------------------------------------------------------------------------------
Finished RTL Component Statistics 
---------------------------------------------------------------------------------
---------------------------------------------------------------------------------
Start Part Resource Summary
---------------------------------------------------------------------------------
Part Resources:
DSPs: 4272 (col length:192)
BRAMs: 2160 (col length: RAMB18 192 RAMB36 96)
---------------------------------------------------------------------------------
Finished Part Resource Summary
---------------------------------------------------------------------------------
---------------------------------------------------------------------------------
Start Cross Boundary and Area Optimization
---------------------------------------------------------------------------------
---------------------------------------------------------------------------------
Finished Cross Boundary and Area Optimization : Time (s): cpu = 00:01:44 ; elapsed = 00:01:49 . Memory (MB): peak = 1909.320 ; gain = 629.801
---------------------------------------------------------------------------------
---------------------------------------------------------------------------------
Start Applying XDC Timing Constraints
---------------------------------------------------------------------------------
---------------------------------------------------------------------------------
Finished Applying XDC Timing Constraints : Time (s): cpu = 00:02:07 ; elapsed = 00:02:13 . Memory (MB): peak = 2109.684 ; gain = 830.164
---------------------------------------------------------------------------------
---------------------------------------------------------------------------------
Start Timing Optimization
---------------------------------------------------------------------------------
---------------------------------------------------------------------------------
Finished Timing Optimization : Time (s): cpu = 00:02:12 ; elapsed = 00:02:18 . Memory (MB): peak = 2162.707 ; gain = 883.188
---------------------------------------------------------------------------------
---------------------------------------------------------------------------------
Start Technology Mapping
---------------------------------------------------------------------------------
---------------------------------------------------------------------------------
Finished Technology Mapping : Time (s): cpu = 00:02:13 ; elapsed = 00:02:19 . Memory (MB): peak = 2166.121 ; gain = 886.602
---------------------------------------------------------------------------------
---------------------------------------------------------------------------------
Start IO Insertion
---------------------------------------------------------------------------------
---------------------------------------------------------------------------------
Start Flattening Before IO Insertion
---------------------------------------------------------------------------------
---------------------------------------------------------------------------------
Finished Flattening Before IO Insertion
---------------------------------------------------------------------------------
---------------------------------------------------------------------------------
Start Final Netlist Cleanup
---------------------------------------------------------------------------------
---------------------------------------------------------------------------------
Finished Final Netlist Cleanup
---------------------------------------------------------------------------------
INFO: [Synth 8-3295] tying undriven pin dummy_inferred:in0 to constant 0
INFO: [Synth 8-3295] tying undriven pin inst:sl_iport0[36] to constant 0
INFO: [Synth 8-3295] tying undriven pin inst:sl_iport0[35] to constant 0
INFO: [Synth 8-3295] tying undriven pin inst:sl_iport0[34] to constant 0
INFO: [Synth 8-3295] tying undriven pin inst:sl_iport0[33] to constant 0
INFO: [Synth 8-3295] tying undriven pin inst:sl_iport0[32] to constant 0
INFO: [Synth 8-3295] tying undriven pin inst:sl_iport0[31] to constant 0
INFO: [Synth 8-3295] tying undriven pin inst:sl_iport0[30] to constant 0
INFO: [Synth 8-3295] tying undriven pin inst:sl_iport0[29] to constant 0
INFO: [Synth 8-3295] tying undriven pin inst:sl_iport0[28] to constant 0
INFO: [Synth 8-3295] tying undriven pin inst:sl_iport0[27] to constant 0
INFO: [Synth 8-3295] tying undriven pin inst:sl_iport0[26] to constant 0
INFO: [Synth 8-3295] tying undriven pin inst:sl_iport0[25] to constant 0
INFO: [Synth 8-3295] tying undriven pin inst:sl_iport0[24] to constant 0
INFO: [Synth 8-3295] tying undriven pin inst:sl_iport0[23] to constant 0
INFO: [Synth 8-3295] tying undriven pin inst:sl_iport0[22] to constant 0
INFO: [Synth 8-3295] tying undriven pin inst:sl_iport0[21] to constant 0
INFO: [Synth 8-3295] tying undriven pin inst:sl_iport0[20] to constant 0
INFO: [Synth 8-3295] tying undriven pin inst:sl_iport0[19] to constant 0
INFO: [Synth 8-3295] tying undriven pin inst:sl_iport0[18] to constant 0
INFO: [Synth 8-3295] tying undriven pin inst:sl_iport0[17] to constant 0
INFO: [Synth 8-3295] tying undriven pin inst:sl_iport0[16] to constant 0
INFO: [Synth 8-3295] tying undriven pin inst:sl_iport0[15] to constant 0
INFO: [Synth 8-3295] tying undriven pin inst:sl_iport0[14] to constant 0
INFO: [Synth 8-3295] tying undriven pin inst:sl_iport0[13] to constant 0
INFO: [Synth 8-3295] tying undriven pin inst:sl_iport0[12] to constant 0
INFO: [Synth 8-3295] tying undriven pin inst:sl_iport0[11] to constant 0
INFO: [Synth 8-3295] tying undriven pin inst:sl_iport0[10] to constant 0
INFO: [Synth 8-3295] tying undriven pin inst:sl_iport0[9] to constant 0
INFO: [Synth 8-3295] tying undriven pin inst:sl_iport0[8] to constant 0
INFO: [Synth 8-3295] tying undriven pin inst:sl_iport0[7] to constant 0
INFO: [Synth 8-3295] tying undriven pin inst:sl_iport0[6] to constant 0
INFO: [Synth 8-3295] tying undriven pin inst:sl_iport0[5] to constant 0
INFO: [Synth 8-3295] tying undriven pin inst:sl_iport0[4] to constant 0
INFO: [Synth 8-3295] tying undriven pin inst:sl_iport0[3] to constant 0
INFO: [Synth 8-3295] tying undriven pin inst:sl_iport0[2] to constant 0
INFO: [Synth 8-3295] tying undriven pin inst:sl_iport0[1] to constant 0
INFO: [Synth 8-3295] tying undriven pin inst:sl_iport0[0] to constant 0
INFO: [Synth 8-3295] tying undriven pin inst:trig_in to constant 0
INFO: [Synth 8-3295] tying undriven pin inst:trig_out_ack to constant 0
---------------------------------------------------------------------------------
Finished IO Insertion : Time (s): cpu = 00:02:16 ; elapsed = 00:02:22 . Memory (MB): peak = 2166.121 ; gain = 886.602
---------------------------------------------------------------------------------
---------------------------------------------------------------------------------
Start Renaming Generated Instances
---------------------------------------------------------------------------------
---------------------------------------------------------------------------------
Finished Renaming Generated Instances : Time (s): cpu = 00:02:16 ; elapsed = 00:02:22 . Memory (MB): peak = 2166.121 ; gain = 886.602
---------------------------------------------------------------------------------
---------------------------------------------------------------------------------
Start Rebuilding User Hierarchy
---------------------------------------------------------------------------------
---------------------------------------------------------------------------------
Finished Rebuilding User Hierarchy : Time (s): cpu = 00:02:16 ; elapsed = 00:02:22 . Memory (MB): peak = 2166.121 ; gain = 886.602
---------------------------------------------------------------------------------
---------------------------------------------------------------------------------
Start Renaming Generated Ports
---------------------------------------------------------------------------------
---------------------------------------------------------------------------------
Finished Renaming Generated Ports : Time (s): cpu = 00:02:16 ; elapsed = 00:02:22 . Memory (MB): peak = 2166.121 ; gain = 886.602
---------------------------------------------------------------------------------
---------------------------------------------------------------------------------
Start Handling Custom Attributes
---------------------------------------------------------------------------------
---------------------------------------------------------------------------------
Finished Handling Custom Attributes : Time (s): cpu = 00:02:16 ; elapsed = 00:02:22 . Memory (MB): peak = 2166.121 ; gain = 886.602
---------------------------------------------------------------------------------
---------------------------------------------------------------------------------
Start Renaming Generated Nets
---------------------------------------------------------------------------------
---------------------------------------------------------------------------------
Finished Renaming Generated Nets : Time (s): cpu = 00:02:16 ; elapsed = 00:02:22 . Memory (MB): peak = 2166.121 ; gain = 886.602
---------------------------------------------------------------------------------
---------------------------------------------------------------------------------
Start Writing Synthesis Report
---------------------------------------------------------------------------------

Report BlackBoxes: 
+-+--------------+----------+
| |BlackBox name |Instances |
+-+--------------+----------+
+-+--------------+----------+

Report Cell Usage: 
+------+---------+------+
|      |Cell     |Count |
+------+---------+------+
|1     |CARRY4   |    14|
|2     |CFGLUT5  |    41|
|3     |LUT1     |    28|
|4     |LUT2     |    45|
|5     |LUT3     |    85|
|6     |LUT4     |    61|
|7     |LUT5     |    68|
|8     |LUT6     |   323|
|9     |MUXF7    |     2|
|10    |RAMB18E2 |     1|
|11    |SRL16E   |    20|
|12    |SRLC16E  |     2|
|13    |SRLC32E  |    17|
|14    |FDRE     |  1117|
|15    |FDSE     |    10|
+------+---------+------+
---------------------------------------------------------------------------------
Finished Writing Synthesis Report : Time (s): cpu = 00:02:16 ; elapsed = 00:02:22 . Memory (MB): peak = 2166.121 ; gain = 886.602
---------------------------------------------------------------------------------
Synthesis finished with 0 errors, 0 critical warnings and 0 warnings.
Synthesis Optimization Runtime : Time (s): cpu = 00:00:56 ; elapsed = 00:02:09 . Memory (MB): peak = 2166.121 ; gain = 886.602
Synthesis Optimization Complete : Time (s): cpu = 00:02:16 ; elapsed = 00:02:22 . Memory (MB): peak = 2166.121 ; gain = 886.602
INFO: [Project 1-571] Translating synthesized netlist
Netlist sorting complete. Time (s): cpu = 00:00:00 ; elapsed = 00:00:00.075 . Memory (MB): peak = 2166.121 ; gain = 0.000
INFO: [Netlist 29-17] Analyzing 57 Unisim elements for replacement
INFO: [Netlist 29-28] Unisim Transformation completed in 0 CPU seconds
INFO: [Project 1-570] Preparing netlist for logic optimization
INFO: [Opt 31-138] Pushed 0 inverter(s) to 0 load pin(s).
Netlist sorting complete. Time (s): cpu = 00:00:00 ; elapsed = 00:00:00.002 . Memory (MB): peak = 2202.988 ; gain = 0.000
INFO: [Project 1-111] Unisim Transformation Summary:
  A total of 50 instances were transformed.
  (CARRY4) => CARRY8: 9 instances
  CFGLUT5 => CFGLUT5 (SRL16E, SRLC32E): 36 instances
  CFGLUT5 => SRLC32E: 5 instances

INFO: [Common 17-83] Releasing license: Synthesis
86 Infos, 9 Warnings, 0 Critical Warnings and 0 Errors encountered.
synth_design completed successfully
synth_design: Time (s): cpu = 00:02:31 ; elapsed = 00:02:40 . Memory (MB): peak = 2202.988 ; gain = 1203.141
INFO: [Common 17-1381] The checkpoint 'D:/repos/RFSoC_Controller_V2/vivado_project/RFSoC_Controller_V2.runs/top_level_system_ila_1_0_synth_1/top_level_system_ila_1_0.dcp' has been generated.
WARNING: [Common 17-576] 'use_project_ipc' is deprecated. This option is deprecated and no longer used.
INFO: [Coretcl 2-1648] Added synthesis output to IP cache for IP top_level_system_ila_1_0, cache-ID = 3df9fe3045ae47d6
INFO: [Coretcl 2-1174] Renamed 106 cell refs.
INFO: [Common 17-1381] The checkpoint 'D:/repos/RFSoC_Controller_V2/vivado_project/RFSoC_Controller_V2.runs/top_level_system_ila_1_0_synth_1/top_level_system_ila_1_0.dcp' has been generated.
INFO: [runtcl-4] Executing : report_utilization -file top_level_system_ila_1_0_utilization_synth.rpt -pb top_level_system_ila_1_0_utilization_synth.pb
INFO: [Common 17-206] Exiting Vivado at Sun Dec 13 11:12:25 2020...
