The target system is: Generic -  - microblaze
The host system is: Windows - 6.2 - AMD64
Determining if files xintc.h exist passed with the following output:
Change Dir: D:/repos/RFSoC_Controller_V2/vitis_workspace/rfsoc_v2_platform/zynqmp_pmufw/zynqmp_pmufw_bsp/psu_pmu_0/libsrc/libmetal_v2_1/build_libmetal/CMakeFiles/CMakeTmp

Run Build Command:"C:/Xilinx/Vitis/2020.1/gnuwin/bin/make.exe" "cmTC_3a094/fast"
C:/Xilinx/Vitis/2020.1/gnuwin/bin/make.exe -f CMakeFiles/cmTC_3a094.dir/build.make CMakeFiles/cmTC_3a094.dir/build
make.exe[1]: Entering directory 'D:/repos/RFSoC_Controller_V2/vitis_workspace/rfsoc_v2_platform/zynqmp_pmufw/zynqmp_pmufw_bsp/psu_pmu_0/libsrc/libmetal_v2_1/build_libmetal/CMakeFiles/CMakeTmp'
Building C object CMakeFiles/cmTC_3a094.dir/CheckIncludeFiles.c.obj
C:/Xilinx/Vitis/2020.1/gnu/microblaze/nt/bin/mb-gcc.exe   -mlittle-endian -mxl-barrel-shift -mxl-pattern-compare -mxl-soft-mul -mcpu=v9.2  -mlittle-endian -g -ffunction-sections -fdata-sections -Wall -Wextra -Os -flto -ffat-lto-objects -ID:/repos/RFSoC_Controller_V2/vitis_workspace/rfsoc_v2_platform/zynqmp_pmufw/zynqmp_pmufw_bsp/psu_pmu_0/include    -o CMakeFiles/cmTC_3a094.dir/CheckIncludeFiles.c.obj   -c D:/repos/RFSoC_Controller_V2/vitis_workspace/rfsoc_v2_platform/zynqmp_pmufw/zynqmp_pmufw_bsp/psu_pmu_0/libsrc/libmetal_v2_1/build_libmetal/CMakeFiles/CMakeTmp/CheckIncludeFiles.c
D:/repos/RFSoC_Controller_V2/vitis_workspace/rfsoc_v2_platform/zynqmp_pmufw/zynqmp_pmufw_bsp/psu_pmu_0/libsrc/libmetal_v2_1/build_libmetal/CMakeFiles/CMakeTmp/CheckIncludeFiles.c:2:10: fatal error: xintc.h: No such file or directory
    2 | #include <xintc.h>
      |          ^~~~~~~~~
compilation terminated.
Linking C executable cmTC_3a094
C:/Xilinx/Vitis/2020.1/gnu/microblaze/nt/bin/mb-gcc.exe   -mlittle-endian -mxl-barrel-shift -mxl-pattern-compare -mxl-soft-mul -mcpu=v9.2  -mlittle-endian -g -ffunction-sections -fdata-sections -Wall -Wextra -Os -flto -ffat-lto-objects -ID:/repos/RFSoC_Controller_V2/vitis_workspace/rfsoc_v2_platform/zynqmp_pmufw/zynqmp_pmufw_bsp/psu_pmu_0/include     "CMakeFiles/cmTC_3a094.dir/CheckIncludeFiles.c.obj"   -o cmTC_3a094  
microblaze-xilinx-elf-gcc.exe: error: CMakeFiles/cmTC_3a094.dir/CheckIncludeFiles.c.obj: No such file or directory
make.exe[1]: Leaving directory 'D:/repos/RFSoC_Controller_V2/vitis_workspace/rfsoc_v2_platform/zynqmp_pmufw/zynqmp_pmufw_bsp/psu_pmu_0/libsrc/libmetal_v2_1/build_libmetal/CMakeFiles/CMakeTmp'


Determining if files stdatomic.h exist passed with the following output:
Change Dir: D:/repos/RFSoC_Controller_V2/vitis_workspace/rfsoc_v2_platform/zynqmp_pmufw/zynqmp_pmufw_bsp/psu_pmu_0/libsrc/libmetal_v2_1/build_libmetal/CMakeFiles/CMakeTmp

Run Build Command:"C:/Xilinx/Vitis/2020.1/gnuwin/bin/make.exe" "cmTC_771e7/fast"
C:/Xilinx/Vitis/2020.1/gnuwin/bin/make.exe -f CMakeFiles/cmTC_771e7.dir/build.make CMakeFiles/cmTC_771e7.dir/build
make.exe[1]: Entering directory 'D:/repos/RFSoC_Controller_V2/vitis_workspace/rfsoc_v2_platform/zynqmp_pmufw/zynqmp_pmufw_bsp/psu_pmu_0/libsrc/libmetal_v2_1/build_libmetal/CMakeFiles/CMakeTmp'
Building C object CMakeFiles/cmTC_771e7.dir/CheckIncludeFiles.c.obj
C:/Xilinx/Vitis/2020.1/gnu/microblaze/nt/bin/mb-gcc.exe   -mlittle-endian -mxl-barrel-shift -mxl-pattern-compare -mxl-soft-mul -mcpu=v9.2  -mlittle-endian -g -ffunction-sections -fdata-sections -Wall -Wextra -Os -flto -ffat-lto-objects -ID:/repos/RFSoC_Controller_V2/vitis_workspace/rfsoc_v2_platform/zynqmp_pmufw/zynqmp_pmufw_bsp/psu_pmu_0/include -c   -o CMakeFiles/cmTC_771e7.dir/CheckIncludeFiles.c.obj   -c D:/repos/RFSoC_Controller_V2/vitis_workspace/rfsoc_v2_platform/zynqmp_pmufw/zynqmp_pmufw_bsp/psu_pmu_0/libsrc/libmetal_v2_1/build_libmetal/CMakeFiles/CMakeTmp/CheckIncludeFiles.c
Linking C executable cmTC_771e7
C:/Xilinx/Vitis/2020.1/gnu/microblaze/nt/bin/mb-gcc.exe   -mlittle-endian -mxl-barrel-shift -mxl-pattern-compare -mxl-soft-mul -mcpu=v9.2  -mlittle-endian -g -ffunction-sections -fdata-sections -Wall -Wextra -Os -flto -ffat-lto-objects -ID:/repos/RFSoC_Controller_V2/vitis_workspace/rfsoc_v2_platform/zynqmp_pmufw/zynqmp_pmufw_bsp/psu_pmu_0/include -c    "CMakeFiles/cmTC_771e7.dir/CheckIncludeFiles.c.obj"   -o cmTC_771e7  
microblaze-xilinx-elf-gcc.exe: warning: CMakeFiles/cmTC_771e7.dir/CheckIncludeFiles.c.obj: linker input file unused because linking not done
make.exe[1]: Leaving directory 'D:/repos/RFSoC_Controller_V2/vitis_workspace/rfsoc_v2_platform/zynqmp_pmufw/zynqmp_pmufw_bsp/psu_pmu_0/libsrc/libmetal_v2_1/build_libmetal/CMakeFiles/CMakeTmp'


