Copyright 1986-2020 Xilinx, Inc. All Rights Reserved.
-------------------------------------------------------------------------------------------------------------------------------
| Tool Version : Vivado v.2020.1.1 (win64) Build 2960000 Wed Aug  5 22:57:20 MDT 2020
| Date         : Wed Oct 14 09:15:44 2020
| Host         : JAMES-LENOVO running 64-bit major release  (build 9200)
| Command      : report_utilization -file top_level_wrapper_utilization_placed.rpt -pb top_level_wrapper_utilization_placed.pb
| Design       : top_level_wrapper
| Device       : xczu29drffvf1760-2
| Design State : Fully Placed
-------------------------------------------------------------------------------------------------------------------------------

Utilization Design Information

Table of Contents
-----------------
1. CLB Logic
1.1 Summary of Registers by Type
2. CLB Logic Distribution
3. BLOCKRAM
4. ARITHMETIC
5. I/O
6. CLOCK
7. ADVANCED
8. CONFIGURATION
9. Primitives
10. Black Boxes
11. Instantiated Netlists

1. CLB Logic
------------

+----------------------------+-------+-------+-----------+-------+
|          Site Type         |  Used | Fixed | Available | Util% |
+----------------------------+-------+-------+-----------+-------+
| CLB LUTs                   | 34897 |     0 |    425280 |  8.21 |
|   LUT as Logic             | 31109 |     0 |    425280 |  7.31 |
|   LUT as Memory            |  3788 |     0 |    213600 |  1.77 |
|     LUT as Distributed RAM |  1020 |     0 |           |       |
|     LUT as Shift Register  |  2768 |     0 |           |       |
| CLB Registers              | 38006 |     0 |    850560 |  4.47 |
|   Register as Flip Flop    | 37968 |     0 |    850560 |  4.46 |
|   Register as Latch        |    38 |     0 |    850560 | <0.01 |
| CARRY8                     |   332 |     0 |     53160 |  0.62 |
| F7 Muxes                   |   181 |     0 |    212640 |  0.09 |
| F8 Muxes                   |    20 |     0 |    106320 |  0.02 |
| F9 Muxes                   |     0 |     0 |     53160 |  0.00 |
+----------------------------+-------+-------+-----------+-------+


1.1 Summary of Registers by Type
--------------------------------

+-------+--------------+-------------+--------------+
| Total | Clock Enable | Synchronous | Asynchronous |
+-------+--------------+-------------+--------------+
| 0     |            _ |           - |            - |
| 0     |            _ |           - |          Set |
| 0     |            _ |           - |        Reset |
| 0     |            _ |         Set |            - |
| 0     |            _ |       Reset |            - |
| 0     |          Yes |           - |            - |
| 123   |          Yes |           - |          Set |
| 7998  |          Yes |           - |        Reset |
| 791   |          Yes |         Set |            - |
| 29094 |          Yes |       Reset |            - |
+-------+--------------+-------------+--------------+


2. CLB Logic Distribution
-------------------------

+--------------------------------------------+-------+-------+-----------+-------+
|                  Site Type                 |  Used | Fixed | Available | Util% |
+--------------------------------------------+-------+-------+-----------+-------+
| CLB                                        |  9333 |     0 |     53160 | 17.56 |
|   CLBL                                     |  4563 |     0 |           |       |
|   CLBM                                     |  4770 |     0 |           |       |
| LUT as Logic                               | 31109 |     0 |    425280 |  7.31 |
|   using O5 output only                     |   574 |       |           |       |
|   using O6 output only                     | 23363 |       |           |       |
|   using O5 and O6                          |  7172 |       |           |       |
| LUT as Memory                              |  3788 |     0 |    213600 |  1.77 |
|   LUT as Distributed RAM                   |  1020 |     0 |           |       |
|     using O5 output only                   |     0 |       |           |       |
|     using O6 output only                   |     4 |       |           |       |
|     using O5 and O6                        |  1016 |       |           |       |
|   LUT as Shift Register                    |  2768 |     0 |           |       |
|     using O5 output only                   |     0 |       |           |       |
|     using O6 output only                   |  2703 |       |           |       |
|     using O5 and O6                        |    65 |       |           |       |
| CLB Registers                              | 38006 |     0 |    850560 |  4.47 |
|   Register driven from within the CLB      | 16322 |       |           |       |
|   Register driven from outside the CLB     | 21684 |       |           |       |
|     LUT in front of the register is unused | 17738 |       |           |       |
|     LUT in front of the register is used   |  3946 |       |           |       |
| Unique Control Sets                        |  1459 |       |    106320 |  1.37 |
+--------------------------------------------+-------+-------+-----------+-------+
* * Note: Available Control Sets calculated as Slices * 2, Review the Control Sets Report for more information regarding control sets.


3. BLOCKRAM
-----------

+-------------------+------+-------+-----------+-------+
|     Site Type     | Used | Fixed | Available | Util% |
+-------------------+------+-------+-----------+-------+
| Block RAM Tile    |  294 |     0 |      1080 | 27.22 |
|   RAMB36/FIFO*    |  286 |     0 |      1080 | 26.48 |
|     RAMB36E2 only |  286 |       |           |       |
|   RAMB18          |   16 |     0 |      2160 |  0.74 |
|     RAMB18E2 only |   16 |       |           |       |
| URAM              |    0 |     0 |        80 |  0.00 |
+-------------------+------+-------+-----------+-------+
* Note: Each Block RAM Tile only has one FIFO logic available and therefore can accommodate only one FIFO36E2 or one FIFO18E2. However, if a FIFO18E2 occupies a Block RAM Tile, that tile can still accommodate a RAMB18E2


4. ARITHMETIC
-------------

+-----------+------+-------+-----------+-------+
| Site Type | Used | Fixed | Available | Util% |
+-----------+------+-------+-----------+-------+
| DSPs      |    0 |     0 |      4272 |  0.00 |
+-----------+------+-------+-----------+-------+


5. I/O
------

+------------------+------+-------+-----------+-------+
|     Site Type    | Used | Fixed | Available | Util% |
+------------------+------+-------+-----------+-------+
| Bonded IOB       |    0 |     0 |       408 |  0.00 |
| HPIOB_M          |    0 |     0 |       144 |  0.00 |
| HPIOB_S          |    0 |     0 |       144 |  0.00 |
| HDIOB_M          |    0 |     0 |        48 |  0.00 |
| HDIOB_S          |    0 |     0 |        48 |  0.00 |
| HPIOB_SNGL       |    0 |     0 |        24 |  0.00 |
| HPIOBDIFFINBUF   |    0 |     0 |       192 |  0.00 |
| HPIOBDIFFOUTBUF  |    0 |     0 |       192 |  0.00 |
| HDIOBDIFFINBUF   |    0 |     0 |        72 |  0.00 |
| BITSLICE_CONTROL |    0 |     0 |        64 |  0.00 |
| BITSLICE_RX_TX   |    0 |     0 |       416 |  0.00 |
| BITSLICE_TX      |    0 |     0 |        64 |  0.00 |
| RIU_OR           |    0 |     0 |        32 |  0.00 |
| HS_ADC           |    0 |     0 |         4 |  0.00 |
| HS_DAC           |    0 |     0 |         4 |  0.00 |
+------------------+------+-------+-----------+-------+


6. CLOCK
--------

+----------------------+------+-------+-----------+-------+
|       Site Type      | Used | Fixed | Available | Util% |
+----------------------+------+-------+-----------+-------+
| GLOBAL CLOCK BUFFERs |    4 |     0 |       696 |  0.57 |
|   BUFGCE             |    2 |     0 |       216 |  0.93 |
|   BUFGCE_DIV         |    0 |     0 |        32 |  0.00 |
|   BUFG_GT            |    1 |     0 |       312 |  0.32 |
|   BUFG_PS            |    1 |     0 |        72 |  1.39 |
|   BUFGCTRL*          |    0 |     0 |        64 |  0.00 |
| PLL                  |    0 |     0 |        16 |  0.00 |
| MMCM                 |    0 |     0 |         8 |  0.00 |
+----------------------+------+-------+-----------+-------+
* Note: Each used BUFGCTRL counts as two GLOBAL CLOCK BUFFERs. This table does not include global clocking resources, only buffer cell usage. See the Clock Utilization Report (report_clock_utilization) for detailed accounting of global clocking resource availability.


7. ADVANCED
-----------

+-----------------+------+-------+-----------+--------+
|    Site Type    | Used | Fixed | Available |  Util% |
+-----------------+------+-------+-----------+--------+
| CMACE4          |    0 |     0 |         2 |   0.00 |
| GTYE4_CHANNEL   |    0 |     0 |        16 |   0.00 |
| GTYE4_COMMON    |    0 |     0 |         4 |   0.00 |
| HSADC           |    4 |     4 |         4 | 100.00 |
| HSDAC           |    4 |     4 |         4 | 100.00 |
| ILKNE4          |    0 |     0 |         1 |   0.00 |
| OBUFDS_GTE4     |    0 |     0 |         8 |   0.00 |
| OBUFDS_GTE4_ADV |    0 |     0 |         8 |   0.00 |
| PCIE40E4        |    0 |     0 |         2 |   0.00 |
| PS8             |    1 |     0 |         1 | 100.00 |
| SYSMONE4        |    0 |     0 |         1 |   0.00 |
+-----------------+------+-------+-----------+--------+


8. CONFIGURATION
----------------

+-------------+------+-------+-----------+-------+
|  Site Type  | Used | Fixed | Available | Util% |
+-------------+------+-------+-----------+-------+
| BSCANE2     |    0 |     0 |         4 |  0.00 |
| DNA_PORTE2  |    0 |     0 |         1 |  0.00 |
| EFUSE_USR   |    0 |     0 |         1 |  0.00 |
| FRAME_ECCE4 |    0 |     0 |         1 |  0.00 |
| ICAPE3      |    0 |     0 |         2 |  0.00 |
| MASTER_JTAG |    0 |     0 |         1 |  0.00 |
| STARTUPE3   |    0 |     0 |         1 |  0.00 |
+-------------+------+-------+-----------+-------+


9. Primitives
-------------

+--------------+-------+---------------------+
|   Ref Name   |  Used | Functional Category |
+--------------+-------+---------------------+
| FDRE         | 29094 |            Register |
| LUT6         | 11987 |                 CLB |
| LUT5         |  8972 |                 CLB |
| FDCE         |  7960 |            Register |
| LUT3         |  6607 |                 CLB |
| LUT4         |  4613 |                 CLB |
| LUT2         |  4610 |                 CLB |
| SRL16E       |  2797 |                 CLB |
| RAMD32       |  1782 |                 CLB |
| LUT1         |  1492 |                 CLB |
| FDSE         |   791 |            Register |
| CARRY8       |   332 |                 CLB |
| RAMB36E2     |   286 |           Block Ram |
| RAMS32       |   254 |                 CLB |
| MUXF7        |   181 |                 CLB |
| FDPE         |   123 |            Register |
| LDCE         |    38 |            Register |
| SRLC32E      |    36 |                 CLB |
| MUXF8        |    20 |                 CLB |
| RAMB18E2     |    16 |           Block Ram |
| HSDAC        |     4 |            Advanced |
| HSADC        |     4 |            Advanced |
| BUFGCE       |     2 |               Clock |
| PS8          |     1 |            Advanced |
| BUFG_PS      |     1 |               Clock |
| BUFG_GT_SYNC |     1 |               Clock |
| BUFG_GT      |     1 |               Clock |
+--------------+-------+---------------------+


10. Black Boxes
---------------

+----------+------+
| Ref Name | Used |
+----------+------+


11. Instantiated Netlists
-------------------------

+-------------------------------------+------+
|               Ref Name              | Used |
+-------------------------------------+------+
| top_level_zynq_ultra_ps_e_0_0       |    1 |
| top_level_xbar_0                    |    1 |
| top_level_usp_rf_data_converter_0_0 |    1 |
| top_level_rst_ps8_0_100M_1          |    1 |
| top_level_rst_ps8_0_100M_0          |    1 |
| top_level_rfsoc_pl_ctrl_verilo_0_0  |    1 |
| top_level_gpio_buffer_0_0           |    1 |
| top_level_axis_data_fifo_1_1        |    1 |
| top_level_axis_data_fifo_1_0        |    1 |
| top_level_axis_data_fifo_0_0        |    1 |
| top_level_axi_smc_0                 |    1 |
| top_level_axi_gpio_0_0              |    1 |
| top_level_axi_dma_0_0               |    1 |
| top_level_auto_pc_0                 |    1 |
| top_level_auto_ds_0                 |    1 |
+-------------------------------------+------+


