Copyright 1986-2020 Xilinx, Inc. All Rights Reserved.
-----------------------------------------------------------------------------------------------------------------------------------------------------------------------------------------
| Tool Version      : Vivado v.2020.1.1 (win64) Build 2960000 Wed Aug  5 22:57:20 MDT 2020
| Date              : Wed Oct 14 09:25:24 2020
| Host              : JAMES-LENOVO running 64-bit major release  (build 9200)
| Command           : report_bus_skew -warn_on_violation -file top_level_wrapper_bus_skew_routed.rpt -pb top_level_wrapper_bus_skew_routed.pb -rpx top_level_wrapper_bus_skew_routed.rpx
| Design            : top_level_wrapper
| Device            : xczu29dr-ffvf1760
| Speed File        : -2  PRODUCTION 1.28 07-24-2020
| Temperature Grade : E
-----------------------------------------------------------------------------------------------------------------------------------------------------------------------------------------

Bus Skew Report

Table of Contents
-----------------
1. Bus Skew Report Summary
2. Bus Skew Report Per Constraint

1. Bus Skew Report Summary
--------------------------

Id  Position  From                            To                              Corner  Requirement(ns)  Actual(ns)  Slack(ns)
--  --------  ------------------------------  ------------------------------  ------  ---------------  ----------  ---------
1   76        [get_cells [list {top_level_i/axis_gpio_async_fifo/inst/gen_fifo.xpm_fifo_axis_inst/xpm_fifo_base_inst/gen_cdc_pntr.rd_pntr_cdc_inst/src_gray_ff_reg[0]} {top_level_i/axis_gpio_async_fifo/inst/gen_fifo.xpm_fifo_axis_inst/xpm_fifo_base_inst/gen_cdc_pntr.rd_pntr_cdc_inst/src_gray_ff_reg[1]} {top_level_i/axis_gpio_async_fifo/inst/gen_fifo.xpm_fifo_axis_inst/xpm_fifo_base_inst/gen_cdc_pntr.rd_pntr_cdc_inst/src_gray_ff_reg[2]} {top_level_i/axis_gpio_async_fifo/inst/gen_fifo.xpm_fifo_axis_inst/xpm_fifo_base_inst/gen_cdc_pntr.rd_pntr_cdc_inst/src_gray_ff_reg[3]}]]
                                              [get_cells [list {top_level_i/axis_gpio_async_fifo/inst/gen_fifo.xpm_fifo_axis_inst/xpm_fifo_base_inst/gen_cdc_pntr.rd_pntr_cdc_inst/dest_graysync_ff_reg[0][0]} {top_level_i/axis_gpio_async_fifo/inst/gen_fifo.xpm_fifo_axis_inst/xpm_fifo_base_inst/gen_cdc_pntr.rd_pntr_cdc_inst/dest_graysync_ff_reg[0][1]} {top_level_i/axis_gpio_async_fifo/inst/gen_fifo.xpm_fifo_axis_inst/xpm_fifo_base_inst/gen_cdc_pntr.rd_pntr_cdc_inst/dest_graysync_ff_reg[0][2]} {top_level_i/axis_gpio_async_fifo/inst/gen_fifo.xpm_fifo_axis_inst/xpm_fifo_base_inst/gen_cdc_pntr.rd_pntr_cdc_inst/dest_graysync_ff_reg[0][3]}]]
                                                                              Slow              4.000       0.525      3.475
2   78        [get_cells [list {top_level_i/axis_gpio_async_fifo/inst/gen_fifo.xpm_fifo_axis_inst/xpm_fifo_base_inst/gen_cdc_pntr.wr_pntr_cdc_inst/src_gray_ff_reg[0]} {top_level_i/axis_gpio_async_fifo/inst/gen_fifo.xpm_fifo_axis_inst/xpm_fifo_base_inst/gen_cdc_pntr.wr_pntr_cdc_inst/src_gray_ff_reg[1]} {top_level_i/axis_gpio_async_fifo/inst/gen_fifo.xpm_fifo_axis_inst/xpm_fifo_base_inst/gen_cdc_pntr.wr_pntr_cdc_inst/src_gray_ff_reg[2]} {top_level_i/axis_gpio_async_fifo/inst/gen_fifo.xpm_fifo_axis_inst/xpm_fifo_base_inst/gen_cdc_pntr.wr_pntr_cdc_inst/src_gray_ff_reg[3]}]]
                                              [get_cells [list {top_level_i/axis_gpio_async_fifo/inst/gen_fifo.xpm_fifo_axis_inst/xpm_fifo_base_inst/gen_cdc_pntr.wr_pntr_cdc_inst/dest_graysync_ff_reg[0][0]} {top_level_i/axis_gpio_async_fifo/inst/gen_fifo.xpm_fifo_axis_inst/xpm_fifo_base_inst/gen_cdc_pntr.wr_pntr_cdc_inst/dest_graysync_ff_reg[0][1]} {top_level_i/axis_gpio_async_fifo/inst/gen_fifo.xpm_fifo_axis_inst/xpm_fifo_base_inst/gen_cdc_pntr.wr_pntr_cdc_inst/dest_graysync_ff_reg[0][2]} {top_level_i/axis_gpio_async_fifo/inst/gen_fifo.xpm_fifo_axis_inst/xpm_fifo_base_inst/gen_cdc_pntr.wr_pntr_cdc_inst/dest_graysync_ff_reg[0][3]}]]
                                                                              Slow              4.000       1.107      2.893
3   84        [get_cells [list {top_level_i/axis_data_ps_to_pl_fifo/inst/gen_fifo.xpm_fifo_axis_inst/xpm_fifo_base_inst/gen_cdc_pntr.rd_pntr_cdc_inst/src_gray_ff_reg[0]} {top_level_i/axis_data_ps_to_pl_fifo/inst/gen_fifo.xpm_fifo_axis_inst/xpm_fifo_base_inst/gen_cdc_pntr.rd_pntr_cdc_inst/src_gray_ff_reg[1]} {top_level_i/axis_data_ps_to_pl_fifo/inst/gen_fifo.xpm_fifo_axis_inst/xpm_fifo_base_inst/gen_cdc_pntr.rd_pntr_cdc_inst/src_gray_ff_reg[2]} {top_level_i/axis_data_ps_to_pl_fifo/inst/gen_fifo.xpm_fifo_axis_inst/xpm_fifo_base_inst/gen_cdc_pntr.rd_pntr_cdc_inst/src_gray_ff_reg[3]}]]
                                              [get_cells [list {top_level_i/axis_data_ps_to_pl_fifo/inst/gen_fifo.xpm_fifo_axis_inst/xpm_fifo_base_inst/gen_cdc_pntr.rd_pntr_cdc_inst/dest_graysync_ff_reg[0][0]} {top_level_i/axis_data_ps_to_pl_fifo/inst/gen_fifo.xpm_fifo_axis_inst/xpm_fifo_base_inst/gen_cdc_pntr.rd_pntr_cdc_inst/dest_graysync_ff_reg[0][1]} {top_level_i/axis_data_ps_to_pl_fifo/inst/gen_fifo.xpm_fifo_axis_inst/xpm_fifo_base_inst/gen_cdc_pntr.rd_pntr_cdc_inst/dest_graysync_ff_reg[0][2]} {top_level_i/axis_data_ps_to_pl_fifo/inst/gen_fifo.xpm_fifo_axis_inst/xpm_fifo_base_inst/gen_cdc_pntr.rd_pntr_cdc_inst/dest_graysync_ff_reg[0][3]}]]
                                                                              Slow              4.000       0.506      3.494
4   86        [get_cells [list {top_level_i/axis_data_ps_to_pl_fifo/inst/gen_fifo.xpm_fifo_axis_inst/xpm_fifo_base_inst/gen_cdc_pntr.wr_pntr_cdc_inst/src_gray_ff_reg[0]} {top_level_i/axis_data_ps_to_pl_fifo/inst/gen_fifo.xpm_fifo_axis_inst/xpm_fifo_base_inst/gen_cdc_pntr.wr_pntr_cdc_inst/src_gray_ff_reg[1]} {top_level_i/axis_data_ps_to_pl_fifo/inst/gen_fifo.xpm_fifo_axis_inst/xpm_fifo_base_inst/gen_cdc_pntr.wr_pntr_cdc_inst/src_gray_ff_reg[2]} {top_level_i/axis_data_ps_to_pl_fifo/inst/gen_fifo.xpm_fifo_axis_inst/xpm_fifo_base_inst/gen_cdc_pntr.wr_pntr_cdc_inst/src_gray_ff_reg[3]}]]
                                              [get_cells [list {top_level_i/axis_data_ps_to_pl_fifo/inst/gen_fifo.xpm_fifo_axis_inst/xpm_fifo_base_inst/gen_cdc_pntr.wr_pntr_cdc_inst/dest_graysync_ff_reg[0][0]} {top_level_i/axis_data_ps_to_pl_fifo/inst/gen_fifo.xpm_fifo_axis_inst/xpm_fifo_base_inst/gen_cdc_pntr.wr_pntr_cdc_inst/dest_graysync_ff_reg[0][1]} {top_level_i/axis_data_ps_to_pl_fifo/inst/gen_fifo.xpm_fifo_axis_inst/xpm_fifo_base_inst/gen_cdc_pntr.wr_pntr_cdc_inst/dest_graysync_ff_reg[0][2]} {top_level_i/axis_data_ps_to_pl_fifo/inst/gen_fifo.xpm_fifo_axis_inst/xpm_fifo_base_inst/gen_cdc_pntr.wr_pntr_cdc_inst/dest_graysync_ff_reg[0][3]}]]
                                                                              Slow              4.000       0.429      3.571
5   92        [get_cells [list {top_level_i/axis_data_pl_to_ps_fifo/inst/gen_fifo.xpm_fifo_axis_inst/xpm_fifo_base_inst/gen_cdc_pntr.rd_pntr_cdc_inst/src_gray_ff_reg[0]} {top_level_i/axis_data_pl_to_ps_fifo/inst/gen_fifo.xpm_fifo_axis_inst/xpm_fifo_base_inst/gen_cdc_pntr.rd_pntr_cdc_inst/src_gray_ff_reg[1]} {top_level_i/axis_data_pl_to_ps_fifo/inst/gen_fifo.xpm_fifo_axis_inst/xpm_fifo_base_inst/gen_cdc_pntr.rd_pntr_cdc_inst/src_gray_ff_reg[2]} {top_level_i/axis_data_pl_to_ps_fifo/inst/gen_fifo.xpm_fifo_axis_inst/xpm_fifo_base_inst/gen_cdc_pntr.rd_pntr_cdc_inst/src_gray_ff_reg[3]}]]
                                              [get_cells [list {top_level_i/axis_data_pl_to_ps_fifo/inst/gen_fifo.xpm_fifo_axis_inst/xpm_fifo_base_inst/gen_cdc_pntr.rd_pntr_cdc_inst/dest_graysync_ff_reg[0][0]} {top_level_i/axis_data_pl_to_ps_fifo/inst/gen_fifo.xpm_fifo_axis_inst/xpm_fifo_base_inst/gen_cdc_pntr.rd_pntr_cdc_inst/dest_graysync_ff_reg[0][1]} {top_level_i/axis_data_pl_to_ps_fifo/inst/gen_fifo.xpm_fifo_axis_inst/xpm_fifo_base_inst/gen_cdc_pntr.rd_pntr_cdc_inst/dest_graysync_ff_reg[0][2]} {top_level_i/axis_data_pl_to_ps_fifo/inst/gen_fifo.xpm_fifo_axis_inst/xpm_fifo_base_inst/gen_cdc_pntr.rd_pntr_cdc_inst/dest_graysync_ff_reg[0][3]}]]
                                                                              Slow              4.000       0.546      3.454
6   94        [get_cells [list {top_level_i/axis_data_pl_to_ps_fifo/inst/gen_fifo.xpm_fifo_axis_inst/xpm_fifo_base_inst/gen_cdc_pntr.wr_pntr_cdc_inst/src_gray_ff_reg[0]} {top_level_i/axis_data_pl_to_ps_fifo/inst/gen_fifo.xpm_fifo_axis_inst/xpm_fifo_base_inst/gen_cdc_pntr.wr_pntr_cdc_inst/src_gray_ff_reg[1]} {top_level_i/axis_data_pl_to_ps_fifo/inst/gen_fifo.xpm_fifo_axis_inst/xpm_fifo_base_inst/gen_cdc_pntr.wr_pntr_cdc_inst/src_gray_ff_reg[2]} {top_level_i/axis_data_pl_to_ps_fifo/inst/gen_fifo.xpm_fifo_axis_inst/xpm_fifo_base_inst/gen_cdc_pntr.wr_pntr_cdc_inst/src_gray_ff_reg[3]}]]
                                              [get_cells [list {top_level_i/axis_data_pl_to_ps_fifo/inst/gen_fifo.xpm_fifo_axis_inst/xpm_fifo_base_inst/gen_cdc_pntr.wr_pntr_cdc_inst/dest_graysync_ff_reg[0][0]} {top_level_i/axis_data_pl_to_ps_fifo/inst/gen_fifo.xpm_fifo_axis_inst/xpm_fifo_base_inst/gen_cdc_pntr.wr_pntr_cdc_inst/dest_graysync_ff_reg[0][1]} {top_level_i/axis_data_pl_to_ps_fifo/inst/gen_fifo.xpm_fifo_axis_inst/xpm_fifo_base_inst/gen_cdc_pntr.wr_pntr_cdc_inst/dest_graysync_ff_reg[0][2]} {top_level_i/axis_data_pl_to_ps_fifo/inst/gen_fifo.xpm_fifo_axis_inst/xpm_fifo_base_inst/gen_cdc_pntr.wr_pntr_cdc_inst/dest_graysync_ff_reg[0][3]}]]
                                                                              Slow              4.000       0.499      3.501


2. Bus Skew Report Per Constraint
---------------------------------

Id: 1
set_bus_skew -from [get_cells [list {top_level_i/axis_gpio_async_fifo/inst/gen_fifo.xpm_fifo_axis_inst/xpm_fifo_base_inst/gen_cdc_pntr.rd_pntr_cdc_inst/src_gray_ff_reg[0]} {top_level_i/axis_gpio_async_fifo/inst/gen_fifo.xpm_fifo_axis_inst/xpm_fifo_base_inst/gen_cdc_pntr.rd_pntr_cdc_inst/src_gray_ff_reg[1]} {top_level_i/axis_gpio_async_fifo/inst/gen_fifo.xpm_fifo_axis_inst/xpm_fifo_base_inst/gen_cdc_pntr.rd_pntr_cdc_inst/src_gray_ff_reg[2]} {top_level_i/axis_gpio_async_fifo/inst/gen_fifo.xpm_fifo_axis_inst/xpm_fifo_base_inst/gen_cdc_pntr.rd_pntr_cdc_inst/src_gray_ff_reg[3]}]] -to [get_cells [list {top_level_i/axis_gpio_async_fifo/inst/gen_fifo.xpm_fifo_axis_inst/xpm_fifo_base_inst/gen_cdc_pntr.rd_pntr_cdc_inst/dest_graysync_ff_reg[0][0]} {top_level_i/axis_gpio_async_fifo/inst/gen_fifo.xpm_fifo_axis_inst/xpm_fifo_base_inst/gen_cdc_pntr.rd_pntr_cdc_inst/dest_graysync_ff_reg[0][1]} {top_level_i/axis_gpio_async_fifo/inst/gen_fifo.xpm_fifo_axis_inst/xpm_fifo_base_inst/gen_cdc_pntr.rd_pntr_cdc_inst/dest_graysync_ff_reg[0][2]} {top_level_i/axis_gpio_async_fifo/inst/gen_fifo.xpm_fifo_axis_inst/xpm_fifo_base_inst/gen_cdc_pntr.rd_pntr_cdc_inst/dest_graysync_ff_reg[0][3]}]] 4.000
Requirement: 4.000ns
Endpoints: 4

From Clock            To Clock              Endpoint Pin                    Reference Pin                   Corner  Actual(ns)  Slack(ns)
--------------------  --------------------  ------------------------------  ------------------------------  ------  ----------  ---------
RFDAC0_CLK            clk_pl_0              top_level_i/axis_gpio_async_fifo/inst/gen_fifo.xpm_fifo_axis_inst/xpm_fifo_base_inst/gen_cdc_pntr.rd_pntr_cdc_inst/dest_graysync_ff_reg[0][3]/D
                                                                            top_level_i/axis_gpio_async_fifo/inst/gen_fifo.xpm_fifo_axis_inst/xpm_fifo_base_inst/gen_cdc_pntr.rd_pntr_cdc_inst/dest_graysync_ff_reg[0][0]/D
                                                                                                            Slow         0.525      3.475


Slack (MET) :             3.475ns  (requirement - actual skew)
  Endpoint Source:        top_level_i/axis_gpio_async_fifo/inst/gen_fifo.xpm_fifo_axis_inst/xpm_fifo_base_inst/gen_cdc_pntr.rd_pntr_cdc_inst/src_gray_ff_reg[3]/C
                            (rising edge-triggered cell FDRE clocked by RFDAC0_CLK)
  Endpoint Destination:   top_level_i/axis_gpio_async_fifo/inst/gen_fifo.xpm_fifo_axis_inst/xpm_fifo_base_inst/gen_cdc_pntr.rd_pntr_cdc_inst/dest_graysync_ff_reg[0][3]/D
                            (rising edge-triggered cell FDRE clocked by clk_pl_0)
  Reference Source:       top_level_i/axis_gpio_async_fifo/inst/gen_fifo.xpm_fifo_axis_inst/xpm_fifo_base_inst/gen_cdc_pntr.rd_pntr_cdc_inst/src_gray_ff_reg[0]/C
                            (rising edge-triggered cell FDRE clocked by RFDAC0_CLK)
  Reference Destination:  top_level_i/axis_gpio_async_fifo/inst/gen_fifo.xpm_fifo_axis_inst/xpm_fifo_base_inst/gen_cdc_pntr.rd_pntr_cdc_inst/dest_graysync_ff_reg[0][0]/D
                            (rising edge-triggered cell FDRE clocked by clk_pl_0)
  Path Type:              Bus Skew (Max at Slow Process Corner)
  Requirement:            4.000ns
  Endpoint Relative Delay:    1.882ns
  Reference Relative Delay:   0.861ns
  Relative CRPR:              0.625ns
  Uncertainty:                0.130ns
  Actual Bus Skew:            0.525ns  (Endpoint Relative Delay - Reference Relative Delay - Relative CRPR + Uncertainty)

Endpoint path:
    Location             Delay type                Incr(ns)  Path(ns)    Netlist Resource(s)
  -------------------------------------------------------------------    -------------------
                         (clock RFDAC0_CLK rise edge)
                                                      0.000     0.000 r  
    HSDAC_X0Y0           HSDAC                        0.000     0.000 r  top_level_i/usp_rf_data_converter_0/inst/top_level_usp_rf_data_converter_0_0_rf_wrapper_i/tx0_u_dac/INTERNAL_FBRC_MUX
    HSDAC_X0Y0           HSDAC (Prop_HSDAC_INTERNAL_FBRC_MUX_CLK_DAC)
                                                      0.336     0.336 r  top_level_i/usp_rf_data_converter_0/inst/top_level_usp_rf_data_converter_0_0_rf_wrapper_i/tx0_u_dac/CLK_DAC
                         net (fo=2, routed)           0.207     0.543    top_level_i/usp_rf_data_converter_0/inst/i_top_level_usp_rf_data_converter_0_0_bufg_gt_ctrl/clk_dac0_0
    BUFG_GT_X1Y107       BUFG_GT (Prop_BUFG_GT_I_O)
                                                      0.130     0.673 r  top_level_i/usp_rf_data_converter_0/inst/i_top_level_usp_rf_data_converter_0_0_bufg_gt_ctrl/dac0_bufg_gt/O
    X2Y3 (CLOCK_ROOT)    net (fo=25510, routed)       2.907     3.580    top_level_i/axis_gpio_async_fifo/inst/gen_fifo.xpm_fifo_axis_inst/xpm_fifo_base_inst/gen_cdc_pntr.rd_pntr_cdc_inst/src_clk
    SLICE_X35Y104        FDRE                                         r  top_level_i/axis_gpio_async_fifo/inst/gen_fifo.xpm_fifo_axis_inst/xpm_fifo_base_inst/gen_cdc_pntr.rd_pntr_cdc_inst/src_gray_ff_reg[3]/C
  -------------------------------------------------------------------    -------------------
    SLICE_X35Y104        FDRE (Prop_EFF_SLICEM_C_Q)
                                                      0.076     3.656 r  top_level_i/axis_gpio_async_fifo/inst/gen_fifo.xpm_fifo_axis_inst/xpm_fifo_base_inst/gen_cdc_pntr.rd_pntr_cdc_inst/src_gray_ff_reg[3]/Q
                         net (fo=1, routed)           0.302     3.958    top_level_i/axis_gpio_async_fifo/inst/gen_fifo.xpm_fifo_axis_inst/xpm_fifo_base_inst/gen_cdc_pntr.rd_pntr_cdc_inst/async_path[3]
    SLICE_X35Y104        FDRE                                         r  top_level_i/axis_gpio_async_fifo/inst/gen_fifo.xpm_fifo_axis_inst/xpm_fifo_base_inst/gen_cdc_pntr.rd_pntr_cdc_inst/dest_graysync_ff_reg[0][3]/D
  -------------------------------------------------------------------    -------------------

                         (clock clk_pl_0 rise edge)
                                                      0.000     0.000 r  
    PS8_X0Y0             PS8                          0.000     0.000 r  top_level_i/zynq_ultra_ps_e_0/inst/PS8_i/PLCLK[0]
                         net (fo=1, routed)           0.157     0.157    top_level_i/zynq_ultra_ps_e_0/inst/pl_clk_unbuffered[0]
    BUFG_PS_X0Y50        BUFG_PS (Prop_BUFG_PS_I_O)
                                                      0.025     0.182 r  top_level_i/zynq_ultra_ps_e_0/inst/buffer_pl_clk_0.PL_CLK_0_BUFG/O
    X2Y3 (CLOCK_ROOT)    net (fo=17958, routed)       1.869     2.051    top_level_i/axis_gpio_async_fifo/inst/gen_fifo.xpm_fifo_axis_inst/xpm_fifo_base_inst/gen_cdc_pntr.rd_pntr_cdc_inst/dest_clk
    SLICE_X35Y104        FDRE                                         r  top_level_i/axis_gpio_async_fifo/inst/gen_fifo.xpm_fifo_axis_inst/xpm_fifo_base_inst/gen_cdc_pntr.rd_pntr_cdc_inst/dest_graysync_ff_reg[0][3]/C
                         clock pessimism              0.000     2.051    
    SLICE_X35Y104        FDRE (Setup_DFF2_SLICEM_C_D)
                                                      0.025     2.076    top_level_i/axis_gpio_async_fifo/inst/gen_fifo.xpm_fifo_axis_inst/xpm_fifo_base_inst/gen_cdc_pntr.rd_pntr_cdc_inst/dest_graysync_ff_reg[0][3]
  -------------------------------------------------------------------
                         data arrival                           3.958    
                         clock arrival                          2.076    
  -------------------------------------------------------------------
                         relative delay                         1.882    

Reference path:
    Location             Delay type                Incr(ns)  Path(ns)    Netlist Resource(s)
  -------------------------------------------------------------------    -------------------
                         (clock RFDAC0_CLK rise edge)
                                                      0.000     0.000 r  
    HSDAC_X0Y0           HSDAC                        0.000     0.000 r  top_level_i/usp_rf_data_converter_0/inst/top_level_usp_rf_data_converter_0_0_rf_wrapper_i/tx0_u_dac/INTERNAL_FBRC_MUX
    HSDAC_X0Y0           HSDAC (Prop_HSDAC_INTERNAL_FBRC_MUX_CLK_DAC)
                                                      0.281     0.281 r  top_level_i/usp_rf_data_converter_0/inst/top_level_usp_rf_data_converter_0_0_rf_wrapper_i/tx0_u_dac/CLK_DAC
                         net (fo=2, routed)           0.126     0.407    top_level_i/usp_rf_data_converter_0/inst/i_top_level_usp_rf_data_converter_0_0_bufg_gt_ctrl/clk_dac0_0
    BUFG_GT_X1Y107       BUFG_GT (Prop_BUFG_GT_I_O)
                                                      0.114     0.521 r  top_level_i/usp_rf_data_converter_0/inst/i_top_level_usp_rf_data_converter_0_0_bufg_gt_ctrl/dac0_bufg_gt/O
    X2Y3 (CLOCK_ROOT)    net (fo=25510, routed)       2.611     3.132    top_level_i/axis_gpio_async_fifo/inst/gen_fifo.xpm_fifo_axis_inst/xpm_fifo_base_inst/gen_cdc_pntr.rd_pntr_cdc_inst/src_clk
    SLICE_X37Y106        FDRE                                         r  top_level_i/axis_gpio_async_fifo/inst/gen_fifo.xpm_fifo_axis_inst/xpm_fifo_base_inst/gen_cdc_pntr.rd_pntr_cdc_inst/src_gray_ff_reg[0]/C
  -------------------------------------------------------------------    -------------------
    SLICE_X37Y106        FDRE (Prop_DFF_SLICEM_C_Q)
                                                      0.058     3.190 r  top_level_i/axis_gpio_async_fifo/inst/gen_fifo.xpm_fifo_axis_inst/xpm_fifo_base_inst/gen_cdc_pntr.rd_pntr_cdc_inst/src_gray_ff_reg[0]/Q
                         net (fo=1, routed)           0.078     3.268    top_level_i/axis_gpio_async_fifo/inst/gen_fifo.xpm_fifo_axis_inst/xpm_fifo_base_inst/gen_cdc_pntr.rd_pntr_cdc_inst/async_path[0]
    SLICE_X36Y106        FDRE                                         r  top_level_i/axis_gpio_async_fifo/inst/gen_fifo.xpm_fifo_axis_inst/xpm_fifo_base_inst/gen_cdc_pntr.rd_pntr_cdc_inst/dest_graysync_ff_reg[0][0]/D
  -------------------------------------------------------------------    -------------------

                         (clock clk_pl_0 rise edge)
                                                      0.000     0.000 r  
    PS8_X0Y0             PS8                          0.000     0.000 r  top_level_i/zynq_ultra_ps_e_0/inst/PS8_i/PLCLK[0]
                         net (fo=1, routed)           0.198     0.198    top_level_i/zynq_ultra_ps_e_0/inst/pl_clk_unbuffered[0]
    BUFG_PS_X0Y50        BUFG_PS (Prop_BUFG_PS_I_O)
                                                      0.028     0.226 r  top_level_i/zynq_ultra_ps_e_0/inst/buffer_pl_clk_0.PL_CLK_0_BUFG/O
    X2Y3 (CLOCK_ROOT)    net (fo=17958, routed)       2.119     2.345    top_level_i/axis_gpio_async_fifo/inst/gen_fifo.xpm_fifo_axis_inst/xpm_fifo_base_inst/gen_cdc_pntr.rd_pntr_cdc_inst/dest_clk
    SLICE_X36Y106        FDRE                                         r  top_level_i/axis_gpio_async_fifo/inst/gen_fifo.xpm_fifo_axis_inst/xpm_fifo_base_inst/gen_cdc_pntr.rd_pntr_cdc_inst/dest_graysync_ff_reg[0][0]/C
                         clock pessimism              0.000     2.345    
    SLICE_X36Y106        FDRE (Hold_CFF2_SLICEL_C_D)
                                                      0.062     2.407    top_level_i/axis_gpio_async_fifo/inst/gen_fifo.xpm_fifo_axis_inst/xpm_fifo_base_inst/gen_cdc_pntr.rd_pntr_cdc_inst/dest_graysync_ff_reg[0][0]
  -------------------------------------------------------------------
                         data arrival                           3.268    
                         clock arrival                          2.407    
  -------------------------------------------------------------------
                         relative delay                         0.861    



Id: 2
set_bus_skew -from [get_cells [list {top_level_i/axis_gpio_async_fifo/inst/gen_fifo.xpm_fifo_axis_inst/xpm_fifo_base_inst/gen_cdc_pntr.wr_pntr_cdc_inst/src_gray_ff_reg[0]} {top_level_i/axis_gpio_async_fifo/inst/gen_fifo.xpm_fifo_axis_inst/xpm_fifo_base_inst/gen_cdc_pntr.wr_pntr_cdc_inst/src_gray_ff_reg[1]} {top_level_i/axis_gpio_async_fifo/inst/gen_fifo.xpm_fifo_axis_inst/xpm_fifo_base_inst/gen_cdc_pntr.wr_pntr_cdc_inst/src_gray_ff_reg[2]} {top_level_i/axis_gpio_async_fifo/inst/gen_fifo.xpm_fifo_axis_inst/xpm_fifo_base_inst/gen_cdc_pntr.wr_pntr_cdc_inst/src_gray_ff_reg[3]}]] -to [get_cells [list {top_level_i/axis_gpio_async_fifo/inst/gen_fifo.xpm_fifo_axis_inst/xpm_fifo_base_inst/gen_cdc_pntr.wr_pntr_cdc_inst/dest_graysync_ff_reg[0][0]} {top_level_i/axis_gpio_async_fifo/inst/gen_fifo.xpm_fifo_axis_inst/xpm_fifo_base_inst/gen_cdc_pntr.wr_pntr_cdc_inst/dest_graysync_ff_reg[0][1]} {top_level_i/axis_gpio_async_fifo/inst/gen_fifo.xpm_fifo_axis_inst/xpm_fifo_base_inst/gen_cdc_pntr.wr_pntr_cdc_inst/dest_graysync_ff_reg[0][2]} {top_level_i/axis_gpio_async_fifo/inst/gen_fifo.xpm_fifo_axis_inst/xpm_fifo_base_inst/gen_cdc_pntr.wr_pntr_cdc_inst/dest_graysync_ff_reg[0][3]}]] 4.000
Requirement: 4.000ns
Endpoints: 4

From Clock            To Clock              Endpoint Pin                    Reference Pin                   Corner  Actual(ns)  Slack(ns)
--------------------  --------------------  ------------------------------  ------------------------------  ------  ----------  ---------
clk_pl_0              RFDAC0_CLK            top_level_i/axis_gpio_async_fifo/inst/gen_fifo.xpm_fifo_axis_inst/xpm_fifo_base_inst/gen_cdc_pntr.wr_pntr_cdc_inst/dest_graysync_ff_reg[0][2]/D
                                                                            top_level_i/axis_gpio_async_fifo/inst/gen_fifo.xpm_fifo_axis_inst/xpm_fifo_base_inst/gen_cdc_pntr.wr_pntr_cdc_inst/dest_graysync_ff_reg[0][1]/D
                                                                                                            Slow         1.107      2.893


Slack (MET) :             2.893ns  (requirement - actual skew)
  Endpoint Source:        top_level_i/axis_gpio_async_fifo/inst/gen_fifo.xpm_fifo_axis_inst/xpm_fifo_base_inst/gen_cdc_pntr.wr_pntr_cdc_inst/src_gray_ff_reg[2]/C
                            (rising edge-triggered cell FDRE clocked by clk_pl_0)
  Endpoint Destination:   top_level_i/axis_gpio_async_fifo/inst/gen_fifo.xpm_fifo_axis_inst/xpm_fifo_base_inst/gen_cdc_pntr.wr_pntr_cdc_inst/dest_graysync_ff_reg[0][2]/D
                            (rising edge-triggered cell FDRE clocked by RFDAC0_CLK)
  Reference Source:       top_level_i/axis_gpio_async_fifo/inst/gen_fifo.xpm_fifo_axis_inst/xpm_fifo_base_inst/gen_cdc_pntr.wr_pntr_cdc_inst/src_gray_ff_reg[1]/C
                            (rising edge-triggered cell FDRE clocked by clk_pl_0)
  Reference Destination:  top_level_i/axis_gpio_async_fifo/inst/gen_fifo.xpm_fifo_axis_inst/xpm_fifo_base_inst/gen_cdc_pntr.wr_pntr_cdc_inst/dest_graysync_ff_reg[0][1]/D
                            (rising edge-triggered cell FDRE clocked by RFDAC0_CLK)
  Path Type:              Bus Skew (Max at Slow Process Corner)
  Requirement:            4.000ns
  Endpoint Relative Delay:    0.115ns
  Reference Relative Delay:  -1.433ns
  Relative CRPR:              0.571ns
  Uncertainty:                0.130ns
  Actual Bus Skew:            1.107ns  (Endpoint Relative Delay - Reference Relative Delay - Relative CRPR + Uncertainty)

Endpoint path:
    Location             Delay type                Incr(ns)  Path(ns)    Netlist Resource(s)
  -------------------------------------------------------------------    -------------------
                         (clock clk_pl_0 rise edge)
                                                      0.000     0.000 r  
    PS8_X0Y0             PS8                          0.000     0.000 r  top_level_i/zynq_ultra_ps_e_0/inst/PS8_i/PLCLK[0]
                         net (fo=1, routed)           0.198     0.198    top_level_i/zynq_ultra_ps_e_0/inst/pl_clk_unbuffered[0]
    BUFG_PS_X0Y50        BUFG_PS (Prop_BUFG_PS_I_O)
                                                      0.028     0.226 r  top_level_i/zynq_ultra_ps_e_0/inst/buffer_pl_clk_0.PL_CLK_0_BUFG/O
    X2Y3 (CLOCK_ROOT)    net (fo=17958, routed)       2.044     2.270    top_level_i/axis_gpio_async_fifo/inst/gen_fifo.xpm_fifo_axis_inst/xpm_fifo_base_inst/gen_cdc_pntr.wr_pntr_cdc_inst/src_clk
    SLICE_X38Y105        FDRE                                         r  top_level_i/axis_gpio_async_fifo/inst/gen_fifo.xpm_fifo_axis_inst/xpm_fifo_base_inst/gen_cdc_pntr.wr_pntr_cdc_inst/src_gray_ff_reg[2]/C
  -------------------------------------------------------------------    -------------------
    SLICE_X38Y105        FDRE (Prop_DFF_SLICEL_C_Q)
                                                      0.079     2.349 r  top_level_i/axis_gpio_async_fifo/inst/gen_fifo.xpm_fifo_axis_inst/xpm_fifo_base_inst/gen_cdc_pntr.wr_pntr_cdc_inst/src_gray_ff_reg[2]/Q
                         net (fo=1, routed)           0.869     3.218    top_level_i/axis_gpio_async_fifo/inst/gen_fifo.xpm_fifo_axis_inst/xpm_fifo_base_inst/gen_cdc_pntr.wr_pntr_cdc_inst/async_path[2]
    SLICE_X38Y105        FDRE                                         r  top_level_i/axis_gpio_async_fifo/inst/gen_fifo.xpm_fifo_axis_inst/xpm_fifo_base_inst/gen_cdc_pntr.wr_pntr_cdc_inst/dest_graysync_ff_reg[0][2]/D
  -------------------------------------------------------------------    -------------------

                         (clock RFDAC0_CLK rise edge)
                                                      0.000     0.000 r  
    HSDAC_X0Y0           HSDAC                        0.000     0.000 r  top_level_i/usp_rf_data_converter_0/inst/top_level_usp_rf_data_converter_0_0_rf_wrapper_i/tx0_u_dac/INTERNAL_FBRC_MUX
    HSDAC_X0Y0           HSDAC (Prop_HSDAC_INTERNAL_FBRC_MUX_CLK_DAC)
                                                      0.281     0.281 r  top_level_i/usp_rf_data_converter_0/inst/top_level_usp_rf_data_converter_0_0_rf_wrapper_i/tx0_u_dac/CLK_DAC
                         net (fo=2, routed)           0.126     0.407    top_level_i/usp_rf_data_converter_0/inst/i_top_level_usp_rf_data_converter_0_0_bufg_gt_ctrl/clk_dac0_0
    BUFG_GT_X1Y107       BUFG_GT (Prop_BUFG_GT_I_O)
                                                      0.114     0.521 r  top_level_i/usp_rf_data_converter_0/inst/i_top_level_usp_rf_data_converter_0_0_bufg_gt_ctrl/dac0_bufg_gt/O
    X2Y3 (CLOCK_ROOT)    net (fo=25510, routed)       2.557     3.078    top_level_i/axis_gpio_async_fifo/inst/gen_fifo.xpm_fifo_axis_inst/xpm_fifo_base_inst/gen_cdc_pntr.wr_pntr_cdc_inst/dest_clk
    SLICE_X38Y105        FDRE                                         r  top_level_i/axis_gpio_async_fifo/inst/gen_fifo.xpm_fifo_axis_inst/xpm_fifo_base_inst/gen_cdc_pntr.wr_pntr_cdc_inst/dest_graysync_ff_reg[0][2]/C
                         clock pessimism              0.000     3.078    
    SLICE_X38Y105        FDRE (Setup_HFF2_SLICEL_C_D)
                                                      0.025     3.103    top_level_i/axis_gpio_async_fifo/inst/gen_fifo.xpm_fifo_axis_inst/xpm_fifo_base_inst/gen_cdc_pntr.wr_pntr_cdc_inst/dest_graysync_ff_reg[0][2]
  -------------------------------------------------------------------
                         data arrival                           3.218    
                         clock arrival                          3.103    
  -------------------------------------------------------------------
                         relative delay                         0.115    

Reference path:
    Location             Delay type                Incr(ns)  Path(ns)    Netlist Resource(s)
  -------------------------------------------------------------------    -------------------
                         (clock clk_pl_0 rise edge)
                                                      0.000     0.000 r  
    PS8_X0Y0             PS8                          0.000     0.000 r  top_level_i/zynq_ultra_ps_e_0/inst/PS8_i/PLCLK[0]
                         net (fo=1, routed)           0.157     0.157    top_level_i/zynq_ultra_ps_e_0/inst/pl_clk_unbuffered[0]
    BUFG_PS_X0Y50        BUFG_PS (Prop_BUFG_PS_I_O)
                                                      0.025     0.182 r  top_level_i/zynq_ultra_ps_e_0/inst/buffer_pl_clk_0.PL_CLK_0_BUFG/O
    X2Y3 (CLOCK_ROOT)    net (fo=17958, routed)       1.876     2.058    top_level_i/axis_gpio_async_fifo/inst/gen_fifo.xpm_fifo_axis_inst/xpm_fifo_base_inst/gen_cdc_pntr.wr_pntr_cdc_inst/src_clk
    SLICE_X36Y106        FDRE                                         r  top_level_i/axis_gpio_async_fifo/inst/gen_fifo.xpm_fifo_axis_inst/xpm_fifo_base_inst/gen_cdc_pntr.wr_pntr_cdc_inst/src_gray_ff_reg[1]/C
  -------------------------------------------------------------------    -------------------
    SLICE_X36Y106        FDRE (Prop_DFF2_SLICEL_C_Q)
                                                      0.061     2.119 r  top_level_i/axis_gpio_async_fifo/inst/gen_fifo.xpm_fifo_axis_inst/xpm_fifo_base_inst/gen_cdc_pntr.wr_pntr_cdc_inst/src_gray_ff_reg[1]/Q
                         net (fo=1, routed)           0.101     2.220    top_level_i/axis_gpio_async_fifo/inst/gen_fifo.xpm_fifo_axis_inst/xpm_fifo_base_inst/gen_cdc_pntr.wr_pntr_cdc_inst/async_path[1]
    SLICE_X37Y106        FDRE                                         r  top_level_i/axis_gpio_async_fifo/inst/gen_fifo.xpm_fifo_axis_inst/xpm_fifo_base_inst/gen_cdc_pntr.wr_pntr_cdc_inst/dest_graysync_ff_reg[0][1]/D
  -------------------------------------------------------------------    -------------------

                         (clock RFDAC0_CLK rise edge)
                                                      0.000     0.000 r  
    HSDAC_X0Y0           HSDAC                        0.000     0.000 r  top_level_i/usp_rf_data_converter_0/inst/top_level_usp_rf_data_converter_0_0_rf_wrapper_i/tx0_u_dac/INTERNAL_FBRC_MUX
    HSDAC_X0Y0           HSDAC (Prop_HSDAC_INTERNAL_FBRC_MUX_CLK_DAC)
                                                      0.336     0.336 r  top_level_i/usp_rf_data_converter_0/inst/top_level_usp_rf_data_converter_0_0_rf_wrapper_i/tx0_u_dac/CLK_DAC
                         net (fo=2, routed)           0.207     0.543    top_level_i/usp_rf_data_converter_0/inst/i_top_level_usp_rf_data_converter_0_0_bufg_gt_ctrl/clk_dac0_0
    BUFG_GT_X1Y107       BUFG_GT (Prop_BUFG_GT_I_O)
                                                      0.130     0.673 r  top_level_i/usp_rf_data_converter_0/inst/i_top_level_usp_rf_data_converter_0_0_bufg_gt_ctrl/dac0_bufg_gt/O
    X2Y3 (CLOCK_ROOT)    net (fo=25510, routed)       2.918     3.591    top_level_i/axis_gpio_async_fifo/inst/gen_fifo.xpm_fifo_axis_inst/xpm_fifo_base_inst/gen_cdc_pntr.wr_pntr_cdc_inst/dest_clk
    SLICE_X37Y106        FDRE                                         r  top_level_i/axis_gpio_async_fifo/inst/gen_fifo.xpm_fifo_axis_inst/xpm_fifo_base_inst/gen_cdc_pntr.wr_pntr_cdc_inst/dest_graysync_ff_reg[0][1]/C
                         clock pessimism              0.000     3.591    
    SLICE_X37Y106        FDRE (Hold_CFF2_SLICEM_C_D)
                                                      0.062     3.653    top_level_i/axis_gpio_async_fifo/inst/gen_fifo.xpm_fifo_axis_inst/xpm_fifo_base_inst/gen_cdc_pntr.wr_pntr_cdc_inst/dest_graysync_ff_reg[0][1]
  -------------------------------------------------------------------
                         data arrival                           2.220    
                         clock arrival                          3.653    
  -------------------------------------------------------------------
                         relative delay                        -1.433    



Id: 3
set_bus_skew -from [get_cells [list {top_level_i/axis_data_ps_to_pl_fifo/inst/gen_fifo.xpm_fifo_axis_inst/xpm_fifo_base_inst/gen_cdc_pntr.rd_pntr_cdc_inst/src_gray_ff_reg[0]} {top_level_i/axis_data_ps_to_pl_fifo/inst/gen_fifo.xpm_fifo_axis_inst/xpm_fifo_base_inst/gen_cdc_pntr.rd_pntr_cdc_inst/src_gray_ff_reg[1]} {top_level_i/axis_data_ps_to_pl_fifo/inst/gen_fifo.xpm_fifo_axis_inst/xpm_fifo_base_inst/gen_cdc_pntr.rd_pntr_cdc_inst/src_gray_ff_reg[2]} {top_level_i/axis_data_ps_to_pl_fifo/inst/gen_fifo.xpm_fifo_axis_inst/xpm_fifo_base_inst/gen_cdc_pntr.rd_pntr_cdc_inst/src_gray_ff_reg[3]}]] -to [get_cells [list {top_level_i/axis_data_ps_to_pl_fifo/inst/gen_fifo.xpm_fifo_axis_inst/xpm_fifo_base_inst/gen_cdc_pntr.rd_pntr_cdc_inst/dest_graysync_ff_reg[0][0]} {top_level_i/axis_data_ps_to_pl_fifo/inst/gen_fifo.xpm_fifo_axis_inst/xpm_fifo_base_inst/gen_cdc_pntr.rd_pntr_cdc_inst/dest_graysync_ff_reg[0][1]} {top_level_i/axis_data_ps_to_pl_fifo/inst/gen_fifo.xpm_fifo_axis_inst/xpm_fifo_base_inst/gen_cdc_pntr.rd_pntr_cdc_inst/dest_graysync_ff_reg[0][2]} {top_level_i/axis_data_ps_to_pl_fifo/inst/gen_fifo.xpm_fifo_axis_inst/xpm_fifo_base_inst/gen_cdc_pntr.rd_pntr_cdc_inst/dest_graysync_ff_reg[0][3]}]] 4.000
Requirement: 4.000ns
Endpoints: 4

From Clock            To Clock              Endpoint Pin                    Reference Pin                   Corner  Actual(ns)  Slack(ns)
--------------------  --------------------  ------------------------------  ------------------------------  ------  ----------  ---------
RFDAC0_CLK            clk_pl_0              top_level_i/axis_data_ps_to_pl_fifo/inst/gen_fifo.xpm_fifo_axis_inst/xpm_fifo_base_inst/gen_cdc_pntr.rd_pntr_cdc_inst/dest_graysync_ff_reg[0][3]/D
                                                                            top_level_i/axis_data_ps_to_pl_fifo/inst/gen_fifo.xpm_fifo_axis_inst/xpm_fifo_base_inst/gen_cdc_pntr.rd_pntr_cdc_inst/dest_graysync_ff_reg[0][2]/D
                                                                                                            Slow         0.506      3.494


Slack (MET) :             3.494ns  (requirement - actual skew)
  Endpoint Source:        top_level_i/axis_data_ps_to_pl_fifo/inst/gen_fifo.xpm_fifo_axis_inst/xpm_fifo_base_inst/gen_cdc_pntr.rd_pntr_cdc_inst/src_gray_ff_reg[3]/C
                            (rising edge-triggered cell FDRE clocked by RFDAC0_CLK)
  Endpoint Destination:   top_level_i/axis_data_ps_to_pl_fifo/inst/gen_fifo.xpm_fifo_axis_inst/xpm_fifo_base_inst/gen_cdc_pntr.rd_pntr_cdc_inst/dest_graysync_ff_reg[0][3]/D
                            (rising edge-triggered cell FDRE clocked by clk_pl_0)
  Reference Source:       top_level_i/axis_data_ps_to_pl_fifo/inst/gen_fifo.xpm_fifo_axis_inst/xpm_fifo_base_inst/gen_cdc_pntr.rd_pntr_cdc_inst/src_gray_ff_reg[2]/C
                            (rising edge-triggered cell FDRE clocked by RFDAC0_CLK)
  Reference Destination:  top_level_i/axis_data_ps_to_pl_fifo/inst/gen_fifo.xpm_fifo_axis_inst/xpm_fifo_base_inst/gen_cdc_pntr.rd_pntr_cdc_inst/dest_graysync_ff_reg[0][2]/D
                            (rising edge-triggered cell FDRE clocked by clk_pl_0)
  Path Type:              Bus Skew (Max at Slow Process Corner)
  Requirement:            4.000ns
  Endpoint Relative Delay:    1.782ns
  Reference Relative Delay:   0.839ns
  Relative CRPR:              0.566ns
  Uncertainty:                0.130ns
  Actual Bus Skew:            0.506ns  (Endpoint Relative Delay - Reference Relative Delay - Relative CRPR + Uncertainty)

Endpoint path:
    Location             Delay type                Incr(ns)  Path(ns)    Netlist Resource(s)
  -------------------------------------------------------------------    -------------------
                         (clock RFDAC0_CLK rise edge)
                                                      0.000     0.000 r  
    HSDAC_X0Y0           HSDAC                        0.000     0.000 r  top_level_i/usp_rf_data_converter_0/inst/top_level_usp_rf_data_converter_0_0_rf_wrapper_i/tx0_u_dac/INTERNAL_FBRC_MUX
    HSDAC_X0Y0           HSDAC (Prop_HSDAC_INTERNAL_FBRC_MUX_CLK_DAC)
                                                      0.336     0.336 r  top_level_i/usp_rf_data_converter_0/inst/top_level_usp_rf_data_converter_0_0_rf_wrapper_i/tx0_u_dac/CLK_DAC
                         net (fo=2, routed)           0.207     0.543    top_level_i/usp_rf_data_converter_0/inst/i_top_level_usp_rf_data_converter_0_0_bufg_gt_ctrl/clk_dac0_0
    BUFG_GT_X1Y107       BUFG_GT (Prop_BUFG_GT_I_O)
                                                      0.130     0.673 r  top_level_i/usp_rf_data_converter_0/inst/i_top_level_usp_rf_data_converter_0_0_bufg_gt_ctrl/dac0_bufg_gt/O
    X2Y3 (CLOCK_ROOT)    net (fo=25510, routed)       2.818     3.491    top_level_i/axis_data_ps_to_pl_fifo/inst/gen_fifo.xpm_fifo_axis_inst/xpm_fifo_base_inst/gen_cdc_pntr.rd_pntr_cdc_inst/src_clk
    SLICE_X45Y91         FDRE                                         r  top_level_i/axis_data_ps_to_pl_fifo/inst/gen_fifo.xpm_fifo_axis_inst/xpm_fifo_base_inst/gen_cdc_pntr.rd_pntr_cdc_inst/src_gray_ff_reg[3]/C
  -------------------------------------------------------------------    -------------------
    SLICE_X45Y91         FDRE (Prop_EFF_SLICEM_C_Q)
                                                      0.076     3.567 r  top_level_i/axis_data_ps_to_pl_fifo/inst/gen_fifo.xpm_fifo_axis_inst/xpm_fifo_base_inst/gen_cdc_pntr.rd_pntr_cdc_inst/src_gray_ff_reg[3]/Q
                         net (fo=1, routed)           0.234     3.801    top_level_i/axis_data_ps_to_pl_fifo/inst/gen_fifo.xpm_fifo_axis_inst/xpm_fifo_base_inst/gen_cdc_pntr.rd_pntr_cdc_inst/async_path[3]
    SLICE_X45Y91         FDRE                                         r  top_level_i/axis_data_ps_to_pl_fifo/inst/gen_fifo.xpm_fifo_axis_inst/xpm_fifo_base_inst/gen_cdc_pntr.rd_pntr_cdc_inst/dest_graysync_ff_reg[0][3]/D
  -------------------------------------------------------------------    -------------------

                         (clock clk_pl_0 rise edge)
                                                      0.000     0.000 r  
    PS8_X0Y0             PS8                          0.000     0.000 r  top_level_i/zynq_ultra_ps_e_0/inst/PS8_i/PLCLK[0]
                         net (fo=1, routed)           0.157     0.157    top_level_i/zynq_ultra_ps_e_0/inst/pl_clk_unbuffered[0]
    BUFG_PS_X0Y50        BUFG_PS (Prop_BUFG_PS_I_O)
                                                      0.025     0.182 r  top_level_i/zynq_ultra_ps_e_0/inst/buffer_pl_clk_0.PL_CLK_0_BUFG/O
    X2Y3 (CLOCK_ROOT)    net (fo=17958, routed)       1.812     1.994    top_level_i/axis_data_ps_to_pl_fifo/inst/gen_fifo.xpm_fifo_axis_inst/xpm_fifo_base_inst/gen_cdc_pntr.rd_pntr_cdc_inst/dest_clk
    SLICE_X45Y91         FDRE                                         r  top_level_i/axis_data_ps_to_pl_fifo/inst/gen_fifo.xpm_fifo_axis_inst/xpm_fifo_base_inst/gen_cdc_pntr.rd_pntr_cdc_inst/dest_graysync_ff_reg[0][3]/C
                         clock pessimism              0.000     1.994    
    SLICE_X45Y91         FDRE (Setup_DFF2_SLICEM_C_D)
                                                      0.025     2.019    top_level_i/axis_data_ps_to_pl_fifo/inst/gen_fifo.xpm_fifo_axis_inst/xpm_fifo_base_inst/gen_cdc_pntr.rd_pntr_cdc_inst/dest_graysync_ff_reg[0][3]
  -------------------------------------------------------------------
                         data arrival                           3.801    
                         clock arrival                          2.019    
  -------------------------------------------------------------------
                         relative delay                         1.782    

Reference path:
    Location             Delay type                Incr(ns)  Path(ns)    Netlist Resource(s)
  -------------------------------------------------------------------    -------------------
                         (clock RFDAC0_CLK rise edge)
                                                      0.000     0.000 r  
    HSDAC_X0Y0           HSDAC                        0.000     0.000 r  top_level_i/usp_rf_data_converter_0/inst/top_level_usp_rf_data_converter_0_0_rf_wrapper_i/tx0_u_dac/INTERNAL_FBRC_MUX
    HSDAC_X0Y0           HSDAC (Prop_HSDAC_INTERNAL_FBRC_MUX_CLK_DAC)
                                                      0.281     0.281 r  top_level_i/usp_rf_data_converter_0/inst/top_level_usp_rf_data_converter_0_0_rf_wrapper_i/tx0_u_dac/CLK_DAC
                         net (fo=2, routed)           0.126     0.407    top_level_i/usp_rf_data_converter_0/inst/i_top_level_usp_rf_data_converter_0_0_bufg_gt_ctrl/clk_dac0_0
    BUFG_GT_X1Y107       BUFG_GT (Prop_BUFG_GT_I_O)
                                                      0.114     0.521 r  top_level_i/usp_rf_data_converter_0/inst/i_top_level_usp_rf_data_converter_0_0_bufg_gt_ctrl/dac0_bufg_gt/O
    X2Y3 (CLOCK_ROOT)    net (fo=25510, routed)       2.529     3.050    top_level_i/axis_data_ps_to_pl_fifo/inst/gen_fifo.xpm_fifo_axis_inst/xpm_fifo_base_inst/gen_cdc_pntr.rd_pntr_cdc_inst/src_clk
    SLICE_X44Y93         FDRE                                         r  top_level_i/axis_data_ps_to_pl_fifo/inst/gen_fifo.xpm_fifo_axis_inst/xpm_fifo_base_inst/gen_cdc_pntr.rd_pntr_cdc_inst/src_gray_ff_reg[2]/C
  -------------------------------------------------------------------    -------------------
    SLICE_X44Y93         FDRE (Prop_HFF_SLICEL_C_Q)
                                                      0.058     3.108 r  top_level_i/axis_data_ps_to_pl_fifo/inst/gen_fifo.xpm_fifo_axis_inst/xpm_fifo_base_inst/gen_cdc_pntr.rd_pntr_cdc_inst/src_gray_ff_reg[2]/Q
                         net (fo=1, routed)           0.068     3.176    top_level_i/axis_data_ps_to_pl_fifo/inst/gen_fifo.xpm_fifo_axis_inst/xpm_fifo_base_inst/gen_cdc_pntr.rd_pntr_cdc_inst/async_path[2]
    SLICE_X44Y92         FDRE                                         r  top_level_i/axis_data_ps_to_pl_fifo/inst/gen_fifo.xpm_fifo_axis_inst/xpm_fifo_base_inst/gen_cdc_pntr.rd_pntr_cdc_inst/dest_graysync_ff_reg[0][2]/D
  -------------------------------------------------------------------    -------------------

                         (clock clk_pl_0 rise edge)
                                                      0.000     0.000 r  
    PS8_X0Y0             PS8                          0.000     0.000 r  top_level_i/zynq_ultra_ps_e_0/inst/PS8_i/PLCLK[0]
                         net (fo=1, routed)           0.198     0.198    top_level_i/zynq_ultra_ps_e_0/inst/pl_clk_unbuffered[0]
    BUFG_PS_X0Y50        BUFG_PS (Prop_BUFG_PS_I_O)
                                                      0.028     0.226 r  top_level_i/zynq_ultra_ps_e_0/inst/buffer_pl_clk_0.PL_CLK_0_BUFG/O
    X2Y3 (CLOCK_ROOT)    net (fo=17958, routed)       2.049     2.275    top_level_i/axis_data_ps_to_pl_fifo/inst/gen_fifo.xpm_fifo_axis_inst/xpm_fifo_base_inst/gen_cdc_pntr.rd_pntr_cdc_inst/dest_clk
    SLICE_X44Y92         FDRE                                         r  top_level_i/axis_data_ps_to_pl_fifo/inst/gen_fifo.xpm_fifo_axis_inst/xpm_fifo_base_inst/gen_cdc_pntr.rd_pntr_cdc_inst/dest_graysync_ff_reg[0][2]/C
                         clock pessimism              0.000     2.275    
    SLICE_X44Y92         FDRE (Hold_HFF2_SLICEL_C_D)
                                                      0.062     2.337    top_level_i/axis_data_ps_to_pl_fifo/inst/gen_fifo.xpm_fifo_axis_inst/xpm_fifo_base_inst/gen_cdc_pntr.rd_pntr_cdc_inst/dest_graysync_ff_reg[0][2]
  -------------------------------------------------------------------
                         data arrival                           3.176    
                         clock arrival                          2.337    
  -------------------------------------------------------------------
                         relative delay                         0.839    



Id: 4
set_bus_skew -from [get_cells [list {top_level_i/axis_data_ps_to_pl_fifo/inst/gen_fifo.xpm_fifo_axis_inst/xpm_fifo_base_inst/gen_cdc_pntr.wr_pntr_cdc_inst/src_gray_ff_reg[0]} {top_level_i/axis_data_ps_to_pl_fifo/inst/gen_fifo.xpm_fifo_axis_inst/xpm_fifo_base_inst/gen_cdc_pntr.wr_pntr_cdc_inst/src_gray_ff_reg[1]} {top_level_i/axis_data_ps_to_pl_fifo/inst/gen_fifo.xpm_fifo_axis_inst/xpm_fifo_base_inst/gen_cdc_pntr.wr_pntr_cdc_inst/src_gray_ff_reg[2]} {top_level_i/axis_data_ps_to_pl_fifo/inst/gen_fifo.xpm_fifo_axis_inst/xpm_fifo_base_inst/gen_cdc_pntr.wr_pntr_cdc_inst/src_gray_ff_reg[3]}]] -to [get_cells [list {top_level_i/axis_data_ps_to_pl_fifo/inst/gen_fifo.xpm_fifo_axis_inst/xpm_fifo_base_inst/gen_cdc_pntr.wr_pntr_cdc_inst/dest_graysync_ff_reg[0][0]} {top_level_i/axis_data_ps_to_pl_fifo/inst/gen_fifo.xpm_fifo_axis_inst/xpm_fifo_base_inst/gen_cdc_pntr.wr_pntr_cdc_inst/dest_graysync_ff_reg[0][1]} {top_level_i/axis_data_ps_to_pl_fifo/inst/gen_fifo.xpm_fifo_axis_inst/xpm_fifo_base_inst/gen_cdc_pntr.wr_pntr_cdc_inst/dest_graysync_ff_reg[0][2]} {top_level_i/axis_data_ps_to_pl_fifo/inst/gen_fifo.xpm_fifo_axis_inst/xpm_fifo_base_inst/gen_cdc_pntr.wr_pntr_cdc_inst/dest_graysync_ff_reg[0][3]}]] 4.000
Requirement: 4.000ns
Endpoints: 4

From Clock            To Clock              Endpoint Pin                    Reference Pin                   Corner  Actual(ns)  Slack(ns)
--------------------  --------------------  ------------------------------  ------------------------------  ------  ----------  ---------
clk_pl_0              RFDAC0_CLK            top_level_i/axis_data_ps_to_pl_fifo/inst/gen_fifo.xpm_fifo_axis_inst/xpm_fifo_base_inst/gen_cdc_pntr.wr_pntr_cdc_inst/dest_graysync_ff_reg[0][2]/D
                                                                            top_level_i/axis_data_ps_to_pl_fifo/inst/gen_fifo.xpm_fifo_axis_inst/xpm_fifo_base_inst/gen_cdc_pntr.wr_pntr_cdc_inst/dest_graysync_ff_reg[0][3]/D
                                                                                                            Slow         0.429      3.571


Slack (MET) :             3.571ns  (requirement - actual skew)
  Endpoint Source:        top_level_i/axis_data_ps_to_pl_fifo/inst/gen_fifo.xpm_fifo_axis_inst/xpm_fifo_base_inst/gen_cdc_pntr.wr_pntr_cdc_inst/src_gray_ff_reg[2]/C
                            (rising edge-triggered cell FDRE clocked by clk_pl_0)
  Endpoint Destination:   top_level_i/axis_data_ps_to_pl_fifo/inst/gen_fifo.xpm_fifo_axis_inst/xpm_fifo_base_inst/gen_cdc_pntr.wr_pntr_cdc_inst/dest_graysync_ff_reg[0][2]/D
                            (rising edge-triggered cell FDRE clocked by RFDAC0_CLK)
  Reference Source:       top_level_i/axis_data_ps_to_pl_fifo/inst/gen_fifo.xpm_fifo_axis_inst/xpm_fifo_base_inst/gen_cdc_pntr.wr_pntr_cdc_inst/src_gray_ff_reg[3]/C
                            (rising edge-triggered cell FDRE clocked by clk_pl_0)
  Reference Destination:  top_level_i/axis_data_ps_to_pl_fifo/inst/gen_fifo.xpm_fifo_axis_inst/xpm_fifo_base_inst/gen_cdc_pntr.wr_pntr_cdc_inst/dest_graysync_ff_reg[0][3]/D
                            (rising edge-triggered cell FDRE clocked by RFDAC0_CLK)
  Path Type:              Bus Skew (Max at Slow Process Corner)
  Requirement:            4.000ns
  Endpoint Relative Delay:   -0.419ns
  Reference Relative Delay:  -1.382ns
  Relative CRPR:              0.663ns
  Uncertainty:                0.130ns
  Actual Bus Skew:            0.429ns  (Endpoint Relative Delay - Reference Relative Delay - Relative CRPR + Uncertainty)

Endpoint path:
    Location             Delay type                Incr(ns)  Path(ns)    Netlist Resource(s)
  -------------------------------------------------------------------    -------------------
                         (clock clk_pl_0 rise edge)
                                                      0.000     0.000 r  
    PS8_X0Y0             PS8                          0.000     0.000 r  top_level_i/zynq_ultra_ps_e_0/inst/PS8_i/PLCLK[0]
                         net (fo=1, routed)           0.198     0.198    top_level_i/zynq_ultra_ps_e_0/inst/pl_clk_unbuffered[0]
    BUFG_PS_X0Y50        BUFG_PS (Prop_BUFG_PS_I_O)
                                                      0.028     0.226 r  top_level_i/zynq_ultra_ps_e_0/inst/buffer_pl_clk_0.PL_CLK_0_BUFG/O
    X2Y3 (CLOCK_ROOT)    net (fo=17958, routed)       2.037     2.263    top_level_i/axis_data_ps_to_pl_fifo/inst/gen_fifo.xpm_fifo_axis_inst/xpm_fifo_base_inst/gen_cdc_pntr.wr_pntr_cdc_inst/src_clk
    SLICE_X44Y95         FDRE                                         r  top_level_i/axis_data_ps_to_pl_fifo/inst/gen_fifo.xpm_fifo_axis_inst/xpm_fifo_base_inst/gen_cdc_pntr.wr_pntr_cdc_inst/src_gray_ff_reg[2]/C
  -------------------------------------------------------------------    -------------------
    SLICE_X44Y95         FDRE (Prop_DFF_SLICEL_C_Q)
                                                      0.079     2.342 r  top_level_i/axis_data_ps_to_pl_fifo/inst/gen_fifo.xpm_fifo_axis_inst/xpm_fifo_base_inst/gen_cdc_pntr.wr_pntr_cdc_inst/src_gray_ff_reg[2]/Q
                         net (fo=1, routed)           0.324     2.666    top_level_i/axis_data_ps_to_pl_fifo/inst/gen_fifo.xpm_fifo_axis_inst/xpm_fifo_base_inst/gen_cdc_pntr.wr_pntr_cdc_inst/async_path[2]
    SLICE_X44Y103        FDRE                                         r  top_level_i/axis_data_ps_to_pl_fifo/inst/gen_fifo.xpm_fifo_axis_inst/xpm_fifo_base_inst/gen_cdc_pntr.wr_pntr_cdc_inst/dest_graysync_ff_reg[0][2]/D
  -------------------------------------------------------------------    -------------------

                         (clock RFDAC0_CLK rise edge)
                                                      0.000     0.000 r  
    HSDAC_X0Y0           HSDAC                        0.000     0.000 r  top_level_i/usp_rf_data_converter_0/inst/top_level_usp_rf_data_converter_0_0_rf_wrapper_i/tx0_u_dac/INTERNAL_FBRC_MUX
    HSDAC_X0Y0           HSDAC (Prop_HSDAC_INTERNAL_FBRC_MUX_CLK_DAC)
                                                      0.281     0.281 r  top_level_i/usp_rf_data_converter_0/inst/top_level_usp_rf_data_converter_0_0_rf_wrapper_i/tx0_u_dac/CLK_DAC
                         net (fo=2, routed)           0.126     0.407    top_level_i/usp_rf_data_converter_0/inst/i_top_level_usp_rf_data_converter_0_0_bufg_gt_ctrl/clk_dac0_0
    BUFG_GT_X1Y107       BUFG_GT (Prop_BUFG_GT_I_O)
                                                      0.114     0.521 r  top_level_i/usp_rf_data_converter_0/inst/i_top_level_usp_rf_data_converter_0_0_bufg_gt_ctrl/dac0_bufg_gt/O
    X2Y3 (CLOCK_ROOT)    net (fo=25510, routed)       2.539     3.060    top_level_i/axis_data_ps_to_pl_fifo/inst/gen_fifo.xpm_fifo_axis_inst/xpm_fifo_base_inst/gen_cdc_pntr.wr_pntr_cdc_inst/dest_clk
    SLICE_X44Y103        FDRE                                         r  top_level_i/axis_data_ps_to_pl_fifo/inst/gen_fifo.xpm_fifo_axis_inst/xpm_fifo_base_inst/gen_cdc_pntr.wr_pntr_cdc_inst/dest_graysync_ff_reg[0][2]/C
                         clock pessimism              0.000     3.060    
    SLICE_X44Y103        FDRE (Setup_DFF2_SLICEL_C_D)
                                                      0.025     3.085    top_level_i/axis_data_ps_to_pl_fifo/inst/gen_fifo.xpm_fifo_axis_inst/xpm_fifo_base_inst/gen_cdc_pntr.wr_pntr_cdc_inst/dest_graysync_ff_reg[0][2]
  -------------------------------------------------------------------
                         data arrival                           2.666    
                         clock arrival                          3.085    
  -------------------------------------------------------------------
                         relative delay                        -0.419    

Reference path:
    Location             Delay type                Incr(ns)  Path(ns)    Netlist Resource(s)
  -------------------------------------------------------------------    -------------------
                         (clock clk_pl_0 rise edge)
                                                      0.000     0.000 r  
    PS8_X0Y0             PS8                          0.000     0.000 r  top_level_i/zynq_ultra_ps_e_0/inst/PS8_i/PLCLK[0]
                         net (fo=1, routed)           0.157     0.157    top_level_i/zynq_ultra_ps_e_0/inst/pl_clk_unbuffered[0]
    BUFG_PS_X0Y50        BUFG_PS (Prop_BUFG_PS_I_O)
                                                      0.025     0.182 r  top_level_i/zynq_ultra_ps_e_0/inst/buffer_pl_clk_0.PL_CLK_0_BUFG/O
    X2Y3 (CLOCK_ROOT)    net (fo=17958, routed)       1.822     2.004    top_level_i/axis_data_ps_to_pl_fifo/inst/gen_fifo.xpm_fifo_axis_inst/xpm_fifo_base_inst/gen_cdc_pntr.wr_pntr_cdc_inst/src_clk
    SLICE_X44Y103        FDRE                                         r  top_level_i/axis_data_ps_to_pl_fifo/inst/gen_fifo.xpm_fifo_axis_inst/xpm_fifo_base_inst/gen_cdc_pntr.wr_pntr_cdc_inst/src_gray_ff_reg[3]/C
  -------------------------------------------------------------------    -------------------
    SLICE_X44Y103        FDRE (Prop_EFF_SLICEL_C_Q)
                                                      0.059     2.063 r  top_level_i/axis_data_ps_to_pl_fifo/inst/gen_fifo.xpm_fifo_axis_inst/xpm_fifo_base_inst/gen_cdc_pntr.wr_pntr_cdc_inst/src_gray_ff_reg[3]/Q
                         net (fo=1, routed)           0.122     2.185    top_level_i/axis_data_ps_to_pl_fifo/inst/gen_fifo.xpm_fifo_axis_inst/xpm_fifo_base_inst/gen_cdc_pntr.wr_pntr_cdc_inst/async_path[3]
    SLICE_X44Y104        FDRE                                         r  top_level_i/axis_data_ps_to_pl_fifo/inst/gen_fifo.xpm_fifo_axis_inst/xpm_fifo_base_inst/gen_cdc_pntr.wr_pntr_cdc_inst/dest_graysync_ff_reg[0][3]/D
  -------------------------------------------------------------------    -------------------

                         (clock RFDAC0_CLK rise edge)
                                                      0.000     0.000 r  
    HSDAC_X0Y0           HSDAC                        0.000     0.000 r  top_level_i/usp_rf_data_converter_0/inst/top_level_usp_rf_data_converter_0_0_rf_wrapper_i/tx0_u_dac/INTERNAL_FBRC_MUX
    HSDAC_X0Y0           HSDAC (Prop_HSDAC_INTERNAL_FBRC_MUX_CLK_DAC)
                                                      0.336     0.336 r  top_level_i/usp_rf_data_converter_0/inst/top_level_usp_rf_data_converter_0_0_rf_wrapper_i/tx0_u_dac/CLK_DAC
                         net (fo=2, routed)           0.207     0.543    top_level_i/usp_rf_data_converter_0/inst/i_top_level_usp_rf_data_converter_0_0_bufg_gt_ctrl/clk_dac0_0
    BUFG_GT_X1Y107       BUFG_GT (Prop_BUFG_GT_I_O)
                                                      0.130     0.673 r  top_level_i/usp_rf_data_converter_0/inst/i_top_level_usp_rf_data_converter_0_0_bufg_gt_ctrl/dac0_bufg_gt/O
    X2Y3 (CLOCK_ROOT)    net (fo=25510, routed)       2.832     3.505    top_level_i/axis_data_ps_to_pl_fifo/inst/gen_fifo.xpm_fifo_axis_inst/xpm_fifo_base_inst/gen_cdc_pntr.wr_pntr_cdc_inst/dest_clk
    SLICE_X44Y104        FDRE                                         r  top_level_i/axis_data_ps_to_pl_fifo/inst/gen_fifo.xpm_fifo_axis_inst/xpm_fifo_base_inst/gen_cdc_pntr.wr_pntr_cdc_inst/dest_graysync_ff_reg[0][3]/C
                         clock pessimism              0.000     3.505    
    SLICE_X44Y104        FDRE (Hold_DFF2_SLICEL_C_D)
                                                      0.062     3.567    top_level_i/axis_data_ps_to_pl_fifo/inst/gen_fifo.xpm_fifo_axis_inst/xpm_fifo_base_inst/gen_cdc_pntr.wr_pntr_cdc_inst/dest_graysync_ff_reg[0][3]
  -------------------------------------------------------------------
                         data arrival                           2.185    
                         clock arrival                          3.567    
  -------------------------------------------------------------------
                         relative delay                        -1.382    



Id: 5
set_bus_skew -from [get_cells [list {top_level_i/axis_data_pl_to_ps_fifo/inst/gen_fifo.xpm_fifo_axis_inst/xpm_fifo_base_inst/gen_cdc_pntr.rd_pntr_cdc_inst/src_gray_ff_reg[0]} {top_level_i/axis_data_pl_to_ps_fifo/inst/gen_fifo.xpm_fifo_axis_inst/xpm_fifo_base_inst/gen_cdc_pntr.rd_pntr_cdc_inst/src_gray_ff_reg[1]} {top_level_i/axis_data_pl_to_ps_fifo/inst/gen_fifo.xpm_fifo_axis_inst/xpm_fifo_base_inst/gen_cdc_pntr.rd_pntr_cdc_inst/src_gray_ff_reg[2]} {top_level_i/axis_data_pl_to_ps_fifo/inst/gen_fifo.xpm_fifo_axis_inst/xpm_fifo_base_inst/gen_cdc_pntr.rd_pntr_cdc_inst/src_gray_ff_reg[3]}]] -to [get_cells [list {top_level_i/axis_data_pl_to_ps_fifo/inst/gen_fifo.xpm_fifo_axis_inst/xpm_fifo_base_inst/gen_cdc_pntr.rd_pntr_cdc_inst/dest_graysync_ff_reg[0][0]} {top_level_i/axis_data_pl_to_ps_fifo/inst/gen_fifo.xpm_fifo_axis_inst/xpm_fifo_base_inst/gen_cdc_pntr.rd_pntr_cdc_inst/dest_graysync_ff_reg[0][1]} {top_level_i/axis_data_pl_to_ps_fifo/inst/gen_fifo.xpm_fifo_axis_inst/xpm_fifo_base_inst/gen_cdc_pntr.rd_pntr_cdc_inst/dest_graysync_ff_reg[0][2]} {top_level_i/axis_data_pl_to_ps_fifo/inst/gen_fifo.xpm_fifo_axis_inst/xpm_fifo_base_inst/gen_cdc_pntr.rd_pntr_cdc_inst/dest_graysync_ff_reg[0][3]}]] 4.000
Requirement: 4.000ns
Endpoints: 4

From Clock            To Clock              Endpoint Pin                    Reference Pin                   Corner  Actual(ns)  Slack(ns)
--------------------  --------------------  ------------------------------  ------------------------------  ------  ----------  ---------
clk_pl_0              RFDAC0_CLK            top_level_i/axis_data_pl_to_ps_fifo/inst/gen_fifo.xpm_fifo_axis_inst/xpm_fifo_base_inst/gen_cdc_pntr.rd_pntr_cdc_inst/dest_graysync_ff_reg[0][0]/D
                                                                            top_level_i/axis_data_pl_to_ps_fifo/inst/gen_fifo.xpm_fifo_axis_inst/xpm_fifo_base_inst/gen_cdc_pntr.rd_pntr_cdc_inst/dest_graysync_ff_reg[0][3]/D
                                                                                                            Slow         0.546      3.454


Slack (MET) :             3.454ns  (requirement - actual skew)
  Endpoint Source:        top_level_i/axis_data_pl_to_ps_fifo/inst/gen_fifo.xpm_fifo_axis_inst/xpm_fifo_base_inst/gen_cdc_pntr.rd_pntr_cdc_inst/src_gray_ff_reg[0]/C
                            (rising edge-triggered cell FDRE clocked by clk_pl_0)
  Endpoint Destination:   top_level_i/axis_data_pl_to_ps_fifo/inst/gen_fifo.xpm_fifo_axis_inst/xpm_fifo_base_inst/gen_cdc_pntr.rd_pntr_cdc_inst/dest_graysync_ff_reg[0][0]/D
                            (rising edge-triggered cell FDRE clocked by RFDAC0_CLK)
  Reference Source:       top_level_i/axis_data_pl_to_ps_fifo/inst/gen_fifo.xpm_fifo_axis_inst/xpm_fifo_base_inst/gen_cdc_pntr.rd_pntr_cdc_inst/src_gray_ff_reg[3]/C
                            (rising edge-triggered cell FDRE clocked by clk_pl_0)
  Reference Destination:  top_level_i/axis_data_pl_to_ps_fifo/inst/gen_fifo.xpm_fifo_axis_inst/xpm_fifo_base_inst/gen_cdc_pntr.rd_pntr_cdc_inst/dest_graysync_ff_reg[0][3]/D
                            (rising edge-triggered cell FDRE clocked by RFDAC0_CLK)
  Path Type:              Bus Skew (Max at Slow Process Corner)
  Requirement:            4.000ns
  Endpoint Relative Delay:   -0.381ns
  Reference Relative Delay:  -1.416ns
  Relative CRPR:              0.619ns
  Uncertainty:                0.130ns
  Actual Bus Skew:            0.546ns  (Endpoint Relative Delay - Reference Relative Delay - Relative CRPR + Uncertainty)

Endpoint path:
    Location             Delay type                Incr(ns)  Path(ns)    Netlist Resource(s)
  -------------------------------------------------------------------    -------------------
                         (clock clk_pl_0 rise edge)
                                                      0.000     0.000 r  
    PS8_X0Y0             PS8                          0.000     0.000 r  top_level_i/zynq_ultra_ps_e_0/inst/PS8_i/PLCLK[0]
                         net (fo=1, routed)           0.198     0.198    top_level_i/zynq_ultra_ps_e_0/inst/pl_clk_unbuffered[0]
    BUFG_PS_X0Y50        BUFG_PS (Prop_BUFG_PS_I_O)
                                                      0.028     0.226 r  top_level_i/zynq_ultra_ps_e_0/inst/buffer_pl_clk_0.PL_CLK_0_BUFG/O
    X2Y3 (CLOCK_ROOT)    net (fo=17958, routed)       2.171     2.397    top_level_i/axis_data_pl_to_ps_fifo/inst/gen_fifo.xpm_fifo_axis_inst/xpm_fifo_base_inst/gen_cdc_pntr.rd_pntr_cdc_inst/src_clk
    SLICE_X78Y163        FDRE                                         r  top_level_i/axis_data_pl_to_ps_fifo/inst/gen_fifo.xpm_fifo_axis_inst/xpm_fifo_base_inst/gen_cdc_pntr.rd_pntr_cdc_inst/src_gray_ff_reg[0]/C
  -------------------------------------------------------------------    -------------------
    SLICE_X78Y163        FDRE (Prop_HFF_SLICEM_C_Q)
                                                      0.079     2.476 r  top_level_i/axis_data_pl_to_ps_fifo/inst/gen_fifo.xpm_fifo_axis_inst/xpm_fifo_base_inst/gen_cdc_pntr.rd_pntr_cdc_inst/src_gray_ff_reg[0]/Q
                         net (fo=1, routed)           0.348     2.824    top_level_i/axis_data_pl_to_ps_fifo/inst/gen_fifo.xpm_fifo_axis_inst/xpm_fifo_base_inst/gen_cdc_pntr.rd_pntr_cdc_inst/async_path[0]
    SLICE_X80Y163        FDRE                                         r  top_level_i/axis_data_pl_to_ps_fifo/inst/gen_fifo.xpm_fifo_axis_inst/xpm_fifo_base_inst/gen_cdc_pntr.rd_pntr_cdc_inst/dest_graysync_ff_reg[0][0]/D
  -------------------------------------------------------------------    -------------------

                         (clock RFDAC0_CLK rise edge)
                                                      0.000     0.000 r  
    HSDAC_X0Y0           HSDAC                        0.000     0.000 r  top_level_i/usp_rf_data_converter_0/inst/top_level_usp_rf_data_converter_0_0_rf_wrapper_i/tx0_u_dac/INTERNAL_FBRC_MUX
    HSDAC_X0Y0           HSDAC (Prop_HSDAC_INTERNAL_FBRC_MUX_CLK_DAC)
                                                      0.281     0.281 r  top_level_i/usp_rf_data_converter_0/inst/top_level_usp_rf_data_converter_0_0_rf_wrapper_i/tx0_u_dac/CLK_DAC
                         net (fo=2, routed)           0.126     0.407    top_level_i/usp_rf_data_converter_0/inst/i_top_level_usp_rf_data_converter_0_0_bufg_gt_ctrl/clk_dac0_0
    BUFG_GT_X1Y107       BUFG_GT (Prop_BUFG_GT_I_O)
                                                      0.114     0.521 r  top_level_i/usp_rf_data_converter_0/inst/i_top_level_usp_rf_data_converter_0_0_bufg_gt_ctrl/dac0_bufg_gt/O
    X2Y3 (CLOCK_ROOT)    net (fo=25510, routed)       2.659     3.180    top_level_i/axis_data_pl_to_ps_fifo/inst/gen_fifo.xpm_fifo_axis_inst/xpm_fifo_base_inst/gen_cdc_pntr.rd_pntr_cdc_inst/dest_clk
    SLICE_X80Y163        FDRE                                         r  top_level_i/axis_data_pl_to_ps_fifo/inst/gen_fifo.xpm_fifo_axis_inst/xpm_fifo_base_inst/gen_cdc_pntr.rd_pntr_cdc_inst/dest_graysync_ff_reg[0][0]/C
                         clock pessimism              0.000     3.180    
    SLICE_X80Y163        FDRE (Setup_DFF2_SLICEL_C_D)
                                                      0.025     3.205    top_level_i/axis_data_pl_to_ps_fifo/inst/gen_fifo.xpm_fifo_axis_inst/xpm_fifo_base_inst/gen_cdc_pntr.rd_pntr_cdc_inst/dest_graysync_ff_reg[0][0]
  -------------------------------------------------------------------
                         data arrival                           2.824    
                         clock arrival                          3.205    
  -------------------------------------------------------------------
                         relative delay                        -0.381    

Reference path:
    Location             Delay type                Incr(ns)  Path(ns)    Netlist Resource(s)
  -------------------------------------------------------------------    -------------------
                         (clock clk_pl_0 rise edge)
                                                      0.000     0.000 r  
    PS8_X0Y0             PS8                          0.000     0.000 r  top_level_i/zynq_ultra_ps_e_0/inst/PS8_i/PLCLK[0]
                         net (fo=1, routed)           0.157     0.157    top_level_i/zynq_ultra_ps_e_0/inst/pl_clk_unbuffered[0]
    BUFG_PS_X0Y50        BUFG_PS (Prop_BUFG_PS_I_O)
                                                      0.025     0.182 r  top_level_i/zynq_ultra_ps_e_0/inst/buffer_pl_clk_0.PL_CLK_0_BUFG/O
    X2Y3 (CLOCK_ROOT)    net (fo=17958, routed)       1.945     2.127    top_level_i/axis_data_pl_to_ps_fifo/inst/gen_fifo.xpm_fifo_axis_inst/xpm_fifo_base_inst/gen_cdc_pntr.rd_pntr_cdc_inst/src_clk
    SLICE_X80Y164        FDRE                                         r  top_level_i/axis_data_pl_to_ps_fifo/inst/gen_fifo.xpm_fifo_axis_inst/xpm_fifo_base_inst/gen_cdc_pntr.rd_pntr_cdc_inst/src_gray_ff_reg[3]/C
  -------------------------------------------------------------------    -------------------
    SLICE_X80Y164        FDRE (Prop_EFF_SLICEL_C_Q)
                                                      0.059     2.186 r  top_level_i/axis_data_pl_to_ps_fifo/inst/gen_fifo.xpm_fifo_axis_inst/xpm_fifo_base_inst/gen_cdc_pntr.rd_pntr_cdc_inst/src_gray_ff_reg[3]/Q
                         net (fo=1, routed)           0.096     2.282    top_level_i/axis_data_pl_to_ps_fifo/inst/gen_fifo.xpm_fifo_axis_inst/xpm_fifo_base_inst/gen_cdc_pntr.rd_pntr_cdc_inst/async_path[3]
    SLICE_X80Y164        FDRE                                         r  top_level_i/axis_data_pl_to_ps_fifo/inst/gen_fifo.xpm_fifo_axis_inst/xpm_fifo_base_inst/gen_cdc_pntr.rd_pntr_cdc_inst/dest_graysync_ff_reg[0][3]/D
  -------------------------------------------------------------------    -------------------

                         (clock RFDAC0_CLK rise edge)
                                                      0.000     0.000 r  
    HSDAC_X0Y0           HSDAC                        0.000     0.000 r  top_level_i/usp_rf_data_converter_0/inst/top_level_usp_rf_data_converter_0_0_rf_wrapper_i/tx0_u_dac/INTERNAL_FBRC_MUX
    HSDAC_X0Y0           HSDAC (Prop_HSDAC_INTERNAL_FBRC_MUX_CLK_DAC)
                                                      0.336     0.336 r  top_level_i/usp_rf_data_converter_0/inst/top_level_usp_rf_data_converter_0_0_rf_wrapper_i/tx0_u_dac/CLK_DAC
                         net (fo=2, routed)           0.207     0.543    top_level_i/usp_rf_data_converter_0/inst/i_top_level_usp_rf_data_converter_0_0_bufg_gt_ctrl/clk_dac0_0
    BUFG_GT_X1Y107       BUFG_GT (Prop_BUFG_GT_I_O)
                                                      0.130     0.673 r  top_level_i/usp_rf_data_converter_0/inst/i_top_level_usp_rf_data_converter_0_0_bufg_gt_ctrl/dac0_bufg_gt/O
    X2Y3 (CLOCK_ROOT)    net (fo=25510, routed)       2.963     3.636    top_level_i/axis_data_pl_to_ps_fifo/inst/gen_fifo.xpm_fifo_axis_inst/xpm_fifo_base_inst/gen_cdc_pntr.rd_pntr_cdc_inst/dest_clk
    SLICE_X80Y164        FDRE                                         r  top_level_i/axis_data_pl_to_ps_fifo/inst/gen_fifo.xpm_fifo_axis_inst/xpm_fifo_base_inst/gen_cdc_pntr.rd_pntr_cdc_inst/dest_graysync_ff_reg[0][3]/C
                         clock pessimism              0.000     3.636    
    SLICE_X80Y164        FDRE (Hold_DFF2_SLICEL_C_D)
                                                      0.062     3.698    top_level_i/axis_data_pl_to_ps_fifo/inst/gen_fifo.xpm_fifo_axis_inst/xpm_fifo_base_inst/gen_cdc_pntr.rd_pntr_cdc_inst/dest_graysync_ff_reg[0][3]
  -------------------------------------------------------------------
                         data arrival                           2.282    
                         clock arrival                          3.698    
  -------------------------------------------------------------------
                         relative delay                        -1.416    



Id: 6
set_bus_skew -from [get_cells [list {top_level_i/axis_data_pl_to_ps_fifo/inst/gen_fifo.xpm_fifo_axis_inst/xpm_fifo_base_inst/gen_cdc_pntr.wr_pntr_cdc_inst/src_gray_ff_reg[0]} {top_level_i/axis_data_pl_to_ps_fifo/inst/gen_fifo.xpm_fifo_axis_inst/xpm_fifo_base_inst/gen_cdc_pntr.wr_pntr_cdc_inst/src_gray_ff_reg[1]} {top_level_i/axis_data_pl_to_ps_fifo/inst/gen_fifo.xpm_fifo_axis_inst/xpm_fifo_base_inst/gen_cdc_pntr.wr_pntr_cdc_inst/src_gray_ff_reg[2]} {top_level_i/axis_data_pl_to_ps_fifo/inst/gen_fifo.xpm_fifo_axis_inst/xpm_fifo_base_inst/gen_cdc_pntr.wr_pntr_cdc_inst/src_gray_ff_reg[3]}]] -to [get_cells [list {top_level_i/axis_data_pl_to_ps_fifo/inst/gen_fifo.xpm_fifo_axis_inst/xpm_fifo_base_inst/gen_cdc_pntr.wr_pntr_cdc_inst/dest_graysync_ff_reg[0][0]} {top_level_i/axis_data_pl_to_ps_fifo/inst/gen_fifo.xpm_fifo_axis_inst/xpm_fifo_base_inst/gen_cdc_pntr.wr_pntr_cdc_inst/dest_graysync_ff_reg[0][1]} {top_level_i/axis_data_pl_to_ps_fifo/inst/gen_fifo.xpm_fifo_axis_inst/xpm_fifo_base_inst/gen_cdc_pntr.wr_pntr_cdc_inst/dest_graysync_ff_reg[0][2]} {top_level_i/axis_data_pl_to_ps_fifo/inst/gen_fifo.xpm_fifo_axis_inst/xpm_fifo_base_inst/gen_cdc_pntr.wr_pntr_cdc_inst/dest_graysync_ff_reg[0][3]}]] 4.000
Requirement: 4.000ns
Endpoints: 4

From Clock            To Clock              Endpoint Pin                    Reference Pin                   Corner  Actual(ns)  Slack(ns)
--------------------  --------------------  ------------------------------  ------------------------------  ------  ----------  ---------
RFDAC0_CLK            clk_pl_0              top_level_i/axis_data_pl_to_ps_fifo/inst/gen_fifo.xpm_fifo_axis_inst/xpm_fifo_base_inst/gen_cdc_pntr.wr_pntr_cdc_inst/dest_graysync_ff_reg[0][0]/D
                                                                            top_level_i/axis_data_pl_to_ps_fifo/inst/gen_fifo.xpm_fifo_axis_inst/xpm_fifo_base_inst/gen_cdc_pntr.wr_pntr_cdc_inst/dest_graysync_ff_reg[0][2]/D
                                                                                                            Slow         0.499      3.501


Slack (MET) :             3.501ns  (requirement - actual skew)
  Endpoint Source:        top_level_i/axis_data_pl_to_ps_fifo/inst/gen_fifo.xpm_fifo_axis_inst/xpm_fifo_base_inst/gen_cdc_pntr.wr_pntr_cdc_inst/src_gray_ff_reg[0]/C
                            (rising edge-triggered cell FDRE clocked by RFDAC0_CLK)
  Endpoint Destination:   top_level_i/axis_data_pl_to_ps_fifo/inst/gen_fifo.xpm_fifo_axis_inst/xpm_fifo_base_inst/gen_cdc_pntr.wr_pntr_cdc_inst/dest_graysync_ff_reg[0][0]/D
                            (rising edge-triggered cell FDRE clocked by clk_pl_0)
  Reference Source:       top_level_i/axis_data_pl_to_ps_fifo/inst/gen_fifo.xpm_fifo_axis_inst/xpm_fifo_base_inst/gen_cdc_pntr.wr_pntr_cdc_inst/src_gray_ff_reg[2]/C
                            (rising edge-triggered cell FDRE clocked by RFDAC0_CLK)
  Reference Destination:  top_level_i/axis_data_pl_to_ps_fifo/inst/gen_fifo.xpm_fifo_axis_inst/xpm_fifo_base_inst/gen_cdc_pntr.wr_pntr_cdc_inst/dest_graysync_ff_reg[0][2]/D
                            (rising edge-triggered cell FDRE clocked by clk_pl_0)
  Path Type:              Bus Skew (Max at Slow Process Corner)
  Requirement:            4.000ns
  Endpoint Relative Delay:    1.767ns
  Reference Relative Delay:   0.831ns
  Relative CRPR:              0.567ns
  Uncertainty:                0.130ns
  Actual Bus Skew:            0.499ns  (Endpoint Relative Delay - Reference Relative Delay - Relative CRPR + Uncertainty)

Endpoint path:
    Location             Delay type                Incr(ns)  Path(ns)    Netlist Resource(s)
  -------------------------------------------------------------------    -------------------
                         (clock RFDAC0_CLK rise edge)
                                                      0.000     0.000 r  
    HSDAC_X0Y0           HSDAC                        0.000     0.000 r  top_level_i/usp_rf_data_converter_0/inst/top_level_usp_rf_data_converter_0_0_rf_wrapper_i/tx0_u_dac/INTERNAL_FBRC_MUX
    HSDAC_X0Y0           HSDAC (Prop_HSDAC_INTERNAL_FBRC_MUX_CLK_DAC)
                                                      0.336     0.336 r  top_level_i/usp_rf_data_converter_0/inst/top_level_usp_rf_data_converter_0_0_rf_wrapper_i/tx0_u_dac/CLK_DAC
                         net (fo=2, routed)           0.207     0.543    top_level_i/usp_rf_data_converter_0/inst/i_top_level_usp_rf_data_converter_0_0_bufg_gt_ctrl/clk_dac0_0
    BUFG_GT_X1Y107       BUFG_GT (Prop_BUFG_GT_I_O)
                                                      0.130     0.673 r  top_level_i/usp_rf_data_converter_0/inst/i_top_level_usp_rf_data_converter_0_0_bufg_gt_ctrl/dac0_bufg_gt/O
    X2Y3 (CLOCK_ROOT)    net (fo=25510, routed)       2.953     3.626    top_level_i/axis_data_pl_to_ps_fifo/inst/gen_fifo.xpm_fifo_axis_inst/xpm_fifo_base_inst/gen_cdc_pntr.wr_pntr_cdc_inst/src_clk
    SLICE_X78Y161        FDRE                                         r  top_level_i/axis_data_pl_to_ps_fifo/inst/gen_fifo.xpm_fifo_axis_inst/xpm_fifo_base_inst/gen_cdc_pntr.wr_pntr_cdc_inst/src_gray_ff_reg[0]/C
  -------------------------------------------------------------------    -------------------
    SLICE_X78Y161        FDRE (Prop_DFF_SLICEM_C_Q)
                                                      0.078     3.704 r  top_level_i/axis_data_pl_to_ps_fifo/inst/gen_fifo.xpm_fifo_axis_inst/xpm_fifo_base_inst/gen_cdc_pntr.wr_pntr_cdc_inst/src_gray_ff_reg[0]/Q
                         net (fo=1, routed)           0.207     3.911    top_level_i/axis_data_pl_to_ps_fifo/inst/gen_fifo.xpm_fifo_axis_inst/xpm_fifo_base_inst/gen_cdc_pntr.wr_pntr_cdc_inst/async_path[0]
    SLICE_X78Y161        FDRE                                         r  top_level_i/axis_data_pl_to_ps_fifo/inst/gen_fifo.xpm_fifo_axis_inst/xpm_fifo_base_inst/gen_cdc_pntr.wr_pntr_cdc_inst/dest_graysync_ff_reg[0][0]/D
  -------------------------------------------------------------------    -------------------

                         (clock clk_pl_0 rise edge)
                                                      0.000     0.000 r  
    PS8_X0Y0             PS8                          0.000     0.000 r  top_level_i/zynq_ultra_ps_e_0/inst/PS8_i/PLCLK[0]
                         net (fo=1, routed)           0.157     0.157    top_level_i/zynq_ultra_ps_e_0/inst/pl_clk_unbuffered[0]
    BUFG_PS_X0Y50        BUFG_PS (Prop_BUFG_PS_I_O)
                                                      0.025     0.182 r  top_level_i/zynq_ultra_ps_e_0/inst/buffer_pl_clk_0.PL_CLK_0_BUFG/O
    X2Y3 (CLOCK_ROOT)    net (fo=17958, routed)       1.937     2.119    top_level_i/axis_data_pl_to_ps_fifo/inst/gen_fifo.xpm_fifo_axis_inst/xpm_fifo_base_inst/gen_cdc_pntr.wr_pntr_cdc_inst/dest_clk
    SLICE_X78Y161        FDRE                                         r  top_level_i/axis_data_pl_to_ps_fifo/inst/gen_fifo.xpm_fifo_axis_inst/xpm_fifo_base_inst/gen_cdc_pntr.wr_pntr_cdc_inst/dest_graysync_ff_reg[0][0]/C
                         clock pessimism              0.000     2.119    
    SLICE_X78Y161        FDRE (Setup_HFF2_SLICEM_C_D)
                                                      0.025     2.144    top_level_i/axis_data_pl_to_ps_fifo/inst/gen_fifo.xpm_fifo_axis_inst/xpm_fifo_base_inst/gen_cdc_pntr.wr_pntr_cdc_inst/dest_graysync_ff_reg[0][0]
  -------------------------------------------------------------------
                         data arrival                           3.911    
                         clock arrival                          2.144    
  -------------------------------------------------------------------
                         relative delay                         1.767    

Reference path:
    Location             Delay type                Incr(ns)  Path(ns)    Netlist Resource(s)
  -------------------------------------------------------------------    -------------------
                         (clock RFDAC0_CLK rise edge)
                                                      0.000     0.000 r  
    HSDAC_X0Y0           HSDAC                        0.000     0.000 r  top_level_i/usp_rf_data_converter_0/inst/top_level_usp_rf_data_converter_0_0_rf_wrapper_i/tx0_u_dac/INTERNAL_FBRC_MUX
    HSDAC_X0Y0           HSDAC (Prop_HSDAC_INTERNAL_FBRC_MUX_CLK_DAC)
                                                      0.281     0.281 r  top_level_i/usp_rf_data_converter_0/inst/top_level_usp_rf_data_converter_0_0_rf_wrapper_i/tx0_u_dac/CLK_DAC
                         net (fo=2, routed)           0.126     0.407    top_level_i/usp_rf_data_converter_0/inst/i_top_level_usp_rf_data_converter_0_0_bufg_gt_ctrl/clk_dac0_0
    BUFG_GT_X1Y107       BUFG_GT (Prop_BUFG_GT_I_O)
                                                      0.114     0.521 r  top_level_i/usp_rf_data_converter_0/inst/i_top_level_usp_rf_data_converter_0_0_bufg_gt_ctrl/dac0_bufg_gt/O
    X2Y3 (CLOCK_ROOT)    net (fo=25510, routed)       2.654     3.175    top_level_i/axis_data_pl_to_ps_fifo/inst/gen_fifo.xpm_fifo_axis_inst/xpm_fifo_base_inst/gen_cdc_pntr.wr_pntr_cdc_inst/src_clk
    SLICE_X80Y161        FDRE                                         r  top_level_i/axis_data_pl_to_ps_fifo/inst/gen_fifo.xpm_fifo_axis_inst/xpm_fifo_base_inst/gen_cdc_pntr.wr_pntr_cdc_inst/src_gray_ff_reg[2]/C
  -------------------------------------------------------------------    -------------------
    SLICE_X80Y161        FDRE (Prop_HFF_SLICEL_C_Q)
                                                      0.058     3.233 r  top_level_i/axis_data_pl_to_ps_fifo/inst/gen_fifo.xpm_fifo_axis_inst/xpm_fifo_base_inst/gen_cdc_pntr.wr_pntr_cdc_inst/src_gray_ff_reg[2]/Q
                         net (fo=1, routed)           0.068     3.301    top_level_i/axis_data_pl_to_ps_fifo/inst/gen_fifo.xpm_fifo_axis_inst/xpm_fifo_base_inst/gen_cdc_pntr.wr_pntr_cdc_inst/async_path[2]
    SLICE_X80Y160        FDRE                                         r  top_level_i/axis_data_pl_to_ps_fifo/inst/gen_fifo.xpm_fifo_axis_inst/xpm_fifo_base_inst/gen_cdc_pntr.wr_pntr_cdc_inst/dest_graysync_ff_reg[0][2]/D
  -------------------------------------------------------------------    -------------------

                         (clock clk_pl_0 rise edge)
                                                      0.000     0.000 r  
    PS8_X0Y0             PS8                          0.000     0.000 r  top_level_i/zynq_ultra_ps_e_0/inst/PS8_i/PLCLK[0]
                         net (fo=1, routed)           0.198     0.198    top_level_i/zynq_ultra_ps_e_0/inst/pl_clk_unbuffered[0]
    BUFG_PS_X0Y50        BUFG_PS (Prop_BUFG_PS_I_O)
                                                      0.028     0.226 r  top_level_i/zynq_ultra_ps_e_0/inst/buffer_pl_clk_0.PL_CLK_0_BUFG/O
    X2Y3 (CLOCK_ROOT)    net (fo=17958, routed)       2.182     2.408    top_level_i/axis_data_pl_to_ps_fifo/inst/gen_fifo.xpm_fifo_axis_inst/xpm_fifo_base_inst/gen_cdc_pntr.wr_pntr_cdc_inst/dest_clk
    SLICE_X80Y160        FDRE                                         r  top_level_i/axis_data_pl_to_ps_fifo/inst/gen_fifo.xpm_fifo_axis_inst/xpm_fifo_base_inst/gen_cdc_pntr.wr_pntr_cdc_inst/dest_graysync_ff_reg[0][2]/C
                         clock pessimism              0.000     2.408    
    SLICE_X80Y160        FDRE (Hold_HFF2_SLICEL_C_D)
                                                      0.062     2.470    top_level_i/axis_data_pl_to_ps_fifo/inst/gen_fifo.xpm_fifo_axis_inst/xpm_fifo_base_inst/gen_cdc_pntr.wr_pntr_cdc_inst/dest_graysync_ff_reg[0][2]
  -------------------------------------------------------------------
                         data arrival                           3.301    
                         clock arrival                          2.470    
  -------------------------------------------------------------------
                         relative delay                         0.831    



